<?xml version="1.0" encoding="UTF-8"?>
<robot generator="Robot 7.2.2 (Python 3.13.1 on win32)" generated="2025-03-24T20:02:30.737307" rpa="false" schemaversion="5">
<suite id="s1" name="Browser Demo" source="C:\Users\motha\yksil-projekti\browser_demo.robot">
<test id="s1-t1" name="Test Web Form" line="7">
<kw name="New Browser" owner="Browser">
<msg time="2025-03-24T20:02:30.991364" level="INFO">{"browser": "chromium", "headless": false, "chromiumSandbox": false, "devtools": false, "handleSIGHUP": true, "handleSIGINT": true, "handleSIGTERM": true, "slowMo": 0.0, "timeout": 30000.0, "tracesDir": "C:\\Users\\motha\\yksil-projekti\\browser\\traces\\temp\\30e87b24-7cc2-411a-84be-49503168bf52"}</msg>
<msg time="2025-03-24T20:02:31.012272" level="INFO">Starting Browser process C:\Users\motha\AppData\Roaming\Python\Python313\site-packages\Browser\wrapper\index.js using port 60577</msg>
<msg time="2025-03-24T20:02:31.012404" level="INFO">Node startup parameters: ['node', 'C:\\Users\\motha\\AppData\\Roaming\\Python\\Python313\\site-packages\\Browser\\wrapper\\index.js', '60577']</msg>
<msg time="2025-03-24T20:02:32.253157" level="INFO">Successfully created browser with options: {"browser":"chromium","headless":false,"chromiumSandbox":false,"devtools":false,"handleSIGHUP":true,"handleSIGINT":true,"handleSIGTERM":true,"slowMo":0,"timeout":30000,"tracesDir":"C:\\Users\\motha\\yksil-projekti\\browser\\traces\\temp\\30e87b24-7cc2-411a-84be-49503168bf52"}</msg>
<arg>chromium</arg>
<arg>headless=No</arg>
<tag>BrowserControl</tag>
<tag>Setter</tag>
<doc>Create a new playwright Browser with specified options.</doc>
<status status="PASS" start="2025-03-24T20:02:30.990354" elapsed="1.263064"/>
</kw>
<kw name="New Page" owner="Browser">
<msg time="2025-03-24T20:02:32.652628" level="INFO">Successfully initialized new page object and opened url: http://127.0.0.1:5500/frontend/index.html</msg>
<msg time="2025-03-24T20:02:32.652698" level="INFO">No context was open. New context was automatically opened when this page is created.</msg>
<arg>http://127.0.0.1:5500/frontend/index.html</arg>
<tag>BrowserControl</tag>
<tag>Setter</tag>
<doc>Open a new Page.</doc>
<status status="PASS" start="2025-03-24T20:02:32.253833" elapsed="0.399003"/>
</kw>
<kw name="Get Title" owner="Browser">
<msg time="2025-03-24T20:02:33.664817" level="INFO">Title: 'Diary App'</msg>
<msg time="2025-03-24T20:02:33.737927" level="INFO" html="true">&lt;/td&gt;&lt;/tr&gt;&lt;tr&gt;&lt;td colspan="3"&gt;&lt;a href="browser/screenshot/fail-screenshot-1.png" target="_blank"&gt;&lt;img src="browser/screenshot/fail-screenshot-1.png" width="800px"/&gt;&lt;/a&gt;</msg>
<msg time="2025-03-24T20:02:33.738157" level="INFO">See also file:///C:/Users/motha/yksil-projekti/playwright-log-1742839350899399200.txt for additional details.</msg>
<msg time="2025-03-24T20:02:33.738584" level="FAIL">Title 'Diary App' (str) should be 'Web form' (str)</msg>
<arg>==</arg>
<arg>Web form</arg>
<tag>Assertion</tag>
<tag>Getter</tag>
<tag>PageContent</tag>
<doc>Returns the title of the current page.</doc>
<status status="FAIL" start="2025-03-24T20:02:32.653179" elapsed="1.090262">Title 'Diary App' (str) should be 'Web form' (str)</status>
</kw>
<kw name="Type Text" owner="Browser">
<arg>[name="my-text"]</arg>
<arg>${Username}</arg>
<arg>delay=0.1 s</arg>
<tag>PageContent</tag>
<tag>Setter</tag>
<doc>Types the given ``txt`` into the text field found by ``selector``.</doc>
<status status="NOT RUN" start="2025-03-24T20:02:33.743720" elapsed="0.000137"/>
</kw>
<kw name="Type Secret" owner="Browser">
<arg>[name="my-password"]</arg>
<arg>$Password</arg>
<arg>delay=0.1 s</arg>
<tag>PageContent</tag>
<tag>Setter</tag>
<doc>Types the given secret from ``variable_name`` into the text field
found by ``selector``.</doc>
<status status="NOT RUN" start="2025-03-24T20:02:33.744046" elapsed="0.000124"/>
</kw>
<kw name="Type Text" owner="Browser">
<arg>[name="my-textarea"]</arg>
<arg>${Message}</arg>
<arg>delay=0.1 s</arg>
<tag>PageContent</tag>
<tag>Setter</tag>
<doc>Types the given ``txt`` into the text field found by ``selector``.</doc>
<status status="NOT RUN" start="2025-03-24T20:02:33.744346" elapsed="0.000086"/>
</kw>
<kw name="Select Options By" owner="Browser">
<arg>[name="my-select"]</arg>
<arg>value</arg>
<arg>2</arg>
<tag>PageContent</tag>
<tag>Setter</tag>
<doc>Selects options from select element found by ``selector``.</doc>
<status status="NOT RUN" start="2025-03-24T20:02:33.744588" elapsed="0.000085"/>
</kw>
<kw name="Type Text" owner="Browser">
<arg>[name="my-datalist"]</arg>
<arg>New York</arg>
<tag>PageContent</tag>
<tag>Setter</tag>
<doc>Types the given ``txt`` into the text field found by ``selector``.</doc>
<status status="NOT RUN" start="2025-03-24T20:02:33.744811" elapsed="0.000083"/>
</kw>
<kw name="Sleep" owner="BuiltIn">
<arg>1s</arg>
<doc>Pauses the test executed for the given time.</doc>
<status status="NOT RUN" start="2025-03-24T20:02:33.745030" elapsed="0.000082"/>
</kw>
<kw name="Keyboard Key" owner="Browser">
<arg>press</arg>
<arg>Tab</arg>
<tag>PageContent</tag>
<tag>Setter</tag>
<doc>Press a keyboard key on the virtual keyboard or set a key up or down.</doc>
<status status="NOT RUN" start="2025-03-24T20:02:33.745306" elapsed="0.000082"/>
</kw>
<kw name="Upload File By Selector" owner="Browser">
<arg>[name=my-file]</arg>
<arg>variables.robot</arg>
<tag>PageContent</tag>
<tag>Setter</tag>
<doc>Uploads file from ``path`` to file input element matched by selector.</doc>
<status status="NOT RUN" start="2025-03-24T20:02:33.745522" elapsed="0.000079"/>
</kw>
<kw name="Uncheck Checkbox" owner="Browser">
<arg>[id="my-check-1"]</arg>
<tag>PageContent</tag>
<tag>Setter</tag>
<doc>Unchecks the checkbox found by ``selector``.</doc>
<status status="NOT RUN" start="2025-03-24T20:02:33.745731" elapsed="0.000083"/>
</kw>
<kw name="Check Checkbox" owner="Browser">
<arg>[id="my-check-2"]</arg>
<tag>PageContent</tag>
<tag>Setter</tag>
<doc>Checks the checkbox or selects radio button found by ``selector``.</doc>
<status status="NOT RUN" start="2025-03-24T20:02:33.745940" elapsed="0.000079"/>
</kw>
<kw name="Check Checkbox" owner="Browser">
<arg>[id="my-radio-2"]</arg>
<tag>PageContent</tag>
<tag>Setter</tag>
<doc>Checks the checkbox or selects radio button found by ``selector``.</doc>
<status status="NOT RUN" start="2025-03-24T20:02:33.746142" elapsed="0.000077"/>
</kw>
<msg time="2025-03-24T20:02:33.748930" level="INFO">Set timeout to: 10000</msg>
<status status="FAIL" start="2025-03-24T20:02:30.988723" elapsed="2.757712">Title 'Diary App' (str) should be 'Web form' (str)</status>
</test>
<status status="FAIL" start="2025-03-24T20:02:30.738781" elapsed="3.010841"/>
</suite>
<statistics>
<total>
<stat pass="0" fail="1" skip="0">All Tests</stat>
</total>
<tag>
</tag>
<suite>
<stat name="Browser Demo" id="s1" pass="0" fail="1" skip="0">Browser Demo</stat>
</suite>
</statistics>
<errors>
</errors>
</robot>
