<?xml version="1.0" encoding="UTF-8"?>
<robot generator="Robot 7.2.2 (Python 3.13.1 on win32)" generated="2025-04-14T18:42:46.445933" rpa="false" schemaversion="5">
<suite id="s1" name="Requests Demo3" source="C:\Users\motha\yksil-projekti\tests\tests.tehtävä9\requests_demo3.robot">
<kw name="Authenticate as Admin" type="SETUP">
<kw name="Create Dictionary" owner="BuiltIn">
<msg time="2025-04-14T18:42:46.792457" level="INFO">${body} = {'username': 'admin', 'password': 'password123'}</msg>
<var>${body}</var>
<arg>username=admin</arg>
<arg>password=password123</arg>
<doc>Creates and returns a dictionary based on the given ``items``.</doc>
<status status="PASS" start="2025-04-14T18:42:46.792241" elapsed="0.000247"/>
</kw>
<kw name="POST" owner="RequestsLibrary">
<msg time="2025-04-14T18:42:47.363013" level="INFO">POST Request : url=https://restful-booker.herokuapp.com/auth 
 path_url=/auth 
 headers={'User-Agent': 'python-requests/2.32.3', 'Accept-Encoding': 'gzip, deflate', 'Accept': '*/*', 'Connection': 'keep-alive', 'Content-Length': '48', 'Content-Type': 'application/json'} 
 body=b'{"username": "admin", "password": "password123"}' 
 </msg>
<msg time="2025-04-14T18:42:47.363113" level="INFO">POST Response : url=https://restful-booker.herokuapp.com/auth 
 status=200, reason=OK 
 headers={'Server': 'Cowboy', 'Report-To': '{"group":"heroku-nel","max_age":3600,"endpoints":[{"url":"https://nel.heroku.com/reports?ts=1744645378&amp;sid=c46efe9b-d3d2-4a0c-8c76-bfafa16c5add&amp;s=0MYvKxSKHZP5gK%2FOBbL%2Fv5p%2Foye%2B2FZR54VknAMbZWE%3D"}]}', 'Reporting-Endpoints': 'heroku-nel=https://nel.heroku.com/reports?ts=1744645378&amp;sid=c46efe9b-d3d2-4a0c-8c76-bfafa16c5add&amp;s=0MYvKxSKHZP5gK%2FOBbL%2Fv5p%2Foye%2B2FZR54VknAMbZWE%3D', 'Nel': '{"report_to":"heroku-nel","max_age":3600,"success_fraction":0.005,"failure_fraction":0.05,"response_headers":["Via"]}', 'Connection': 'keep-alive', 'X-Powered-By': 'Express', 'Content-Type': 'application/json; charset=utf-8', 'Content-Length': '27', 'Etag': 'W/"1b-/rHik5hgVlxkWtCY8w+Kf92qYvA"', 'Date': 'Mon, 14 Apr 2025 15:42:58 GMT', 'Via': '1.1 vegur'} 
 body={"token":"d511e2b62b1997d"} 
 </msg>
<msg time="2025-04-14T18:42:47.363219" level="INFO">${response} = &lt;Response [200]&gt;</msg>
<var>${response}</var>
<arg>url=https://restful-booker.herokuapp.com/auth</arg>
<arg>json=${body}</arg>
<doc>Sends a POST request.</doc>
<status status="PASS" start="2025-04-14T18:42:46.792585" elapsed="0.570658"/>
</kw>
<kw name="Log" owner="BuiltIn">
<msg time="2025-04-14T18:42:47.363736" level="INFO">{'token': 'd511e2b62b1997d'}</msg>
<arg>${response.json()}</arg>
<doc>Logs the given message with the given level.</doc>
<status status="PASS" start="2025-04-14T18:42:47.363364" elapsed="0.000410"/>
</kw>
<kw name="Set Variable" owner="BuiltIn">
<msg time="2025-04-14T18:42:47.364146" level="INFO">${token} = d511e2b62b1997d</msg>
<var>${token}</var>
<arg>${response.json()}[token]</arg>
<doc>Returns the given values which can then be assigned to a variables.</doc>
<status status="PASS" start="2025-04-14T18:42:47.363850" elapsed="0.000317"/>
</kw>
<kw name="Log" owner="BuiltIn">
<msg time="2025-04-14T18:42:47.364325" level="INFO">d511e2b62b1997d</msg>
<arg>${token}</arg>
<doc>Logs the given message with the given level.</doc>
<status status="PASS" start="2025-04-14T18:42:47.364242" elapsed="0.000117"/>
</kw>
<kw name="Set Suite Variable" owner="BuiltIn">
<msg time="2025-04-14T18:42:47.364580" level="INFO">${token} = d511e2b62b1997d</msg>
<arg>${token}</arg>
<doc>Makes a variable available everywhere within the scope of the current suite.</doc>
<status status="PASS" start="2025-04-14T18:42:47.364433" elapsed="0.000180"/>
</kw>
<doc>Kirjaudutaan sisään ylläpitäjän oikeuksilla.
- Aluksi luodaan rakenne (Dictionary), joka sisältää käyttäjänimen ja salasanan
- body-rakenne annetaan POST metodille JSON-parametrina
- Palautteena tuleva JSON-rakenne tulostetaan lokitiedostoon
- JSON rakenteesta kaivetaan esiin token
- Token tulostetaan myös lokitiedostoon
- Lopuksi token tallennetaa testijoukon muuttujiin muita kutsuja varten</doc>
<status status="PASS" start="2025-04-14T18:42:46.791868" elapsed="0.572796"/>
</kw>
<test id="s1-t1" name="Get Bookings from Restful Booker" line="23">
<kw name="Create Dictionary" owner="BuiltIn">
<msg time="2025-04-14T18:42:47.365594" level="INFO">${body} = {'firstname': 'John'}</msg>
<var>${body}</var>
<arg>firstname=John</arg>
<doc>Creates and returns a dictionary based on the given ``items``.</doc>
<status status="PASS" start="2025-04-14T18:42:47.365475" elapsed="0.000139"/>
</kw>
<kw name="GET" owner="RequestsLibrary">
<msg time="2025-04-14T18:42:47.895504" level="INFO">GET Request : url=https://restful-booker.herokuapp.com/booking?firstname=John 
 path_url=/booking?firstname=John 
 headers={'User-Agent': 'python-requests/2.32.3', 'Accept-Encoding': 'gzip, deflate', 'Accept': '*/*', 'Connection': 'keep-alive'} 
 body=None 
 </msg>
<msg time="2025-04-14T18:42:47.895580" level="INFO">GET Response : url=https://restful-booker.herokuapp.com/booking?firstname=John 
 status=200, reason=OK 
 headers={'Server': 'Cowboy', 'Report-To': '{"group":"heroku-nel","max_age":3600,"endpoints":[{"url":"https://nel.heroku.com/reports?ts=1744645379&amp;sid=c46efe9b-d3d2-4a0c-8c76-bfafa16c5add&amp;s=kVdrgN%2BRD0pWojPze2vB46RCrjzdcNAwcIUXWUY%2FvCQ%3D"}]}', 'Reporting-Endpoints': 'heroku-nel=https://nel.heroku.com/reports?ts=1744645379&amp;sid=c46efe9b-d3d2-4a0c-8c76-bfafa16c5add&amp;s=kVdrgN%2BRD0pWojPze2vB46RCrjzdcNAwcIUXWUY%2FvCQ%3D', 'Nel': '{"report_to":"heroku-nel","max_age":3600,"success_fraction":0.005,"failure_fraction":0.05,"response_headers":["Via"]}', 'Connection': 'keep-alive', 'X-Powered-By': 'Express', 'Content-Type': 'application/json; charset=utf-8', 'Content-Length': '4167', 'Etag': 'W/"1047-EC7LjdPDbib6r9aEbHlGU9BE/jc"', 'Date': 'Mon, 14 Apr 2025 15:42:59 GMT', 'Via': '1.1 vegur'} 
 body=[{"bookingid":277},{"bookingid":463},{"bookingid":107},{"bookingid":310},{"bookingid":170},{"bookingid":344},{"bookingid":14},{"bookingid":250},{"bookingid":151},{"bookingid":165},{"bookingid":21},{"bookingid":708},{"bookingid":539},{"bookingid":525},{"bookingid":635},{"bookingid":381},{"bookingid":33},{"bookingid":605},{"bookingid":201},{"bookingid":88},{"bookingid":176},{"bookingid":281},{"bookingid":178},{"bookingid":656},{"bookingid":440},{"bookingid":99},{"bookingid":202},{"bookingid":74},{"bookingid":265},{"bookingid":84},{"bookingid":403},{"bookingid":266},{"bookingid":289},{"bookingid":261},{"bookingid":520},{"bookingid":35},{"bookingid":429},{"bookingid":384},{"bookingid":183},{"bookingid":317},{"bookingid":693},{"bookingid":193},{"bookingid":758},{"bookingid":607},{"bookingid":469},{"bookingid":669},{"bookingid":104},{"bookingid":568},{"bookingid":716},{"bookingid":92},{"bookingid":284},{"bookingid":114},{"bookingid":322},{"bookingid":722},{"bookingid":465},{"bookingid":362},{"bookingid":125},{"bookingid":20},{"bookingid":68},{"bookingid":748},{"bookingid":454},{"bookingid":198},{"bookingid":324},{"bookingid":373},{"bookingid":270},{"bookingid":549},{"bookingid":423},{"bookingid":688},{"bookingid":273},{"bookingid":629},{"bookingid":620},{"bookingid":144},{"bookingid":219},{"bookingid":496},{"bookingid":115},{"bookingid":490},{"bookingid":232},{"bookingid":156},{"bookingid":316},{"bookingid":499},{"bookingid":505},{"bookingid":569},{"bookingid":345},{"bookingid":398},{"bookingid":674},{"bookingid":742},{"bookingid":621},{"bookingid":212},{"bookingid":361},{"bookingid":47},{"bookingid":331},{"bookingid":187},{"bookingid":609},{"bookingid":256},{"bookingid":40},{"bookingid":757},{"bookingid":247},{"bookingid":662},{"bookingid":547},{"bookingid":578},{"bookingid":65},{"bookingid":339},{"bookingid":473},{"bookingid":428},{"bookingid":659},{"bookingid":601},{"bookingid":404},{"bookingid":91},{"bookingid":368},{"bookingid":692},{"bookingid":544},{"bookingid":397},{"bookingid":159},{"bookingid":665},{"bookingid":279},{"bookingid":26},{"bookingid":17},{"bookingid":108},{"bookingid":163},{"bookingid":700},{"bookingid":515},{"bookingid":704},{"bookingid":698},{"bookingid":574},{"bookingid":548},{"bookingid":409},{"bookingid":446},{"bookingid":150},{"bookingid":295},{"bookingid":120},{"bookingid":480},{"bookingid":591},{"bookingid":44},{"bookingid":420},{"bookingid":79},{"bookingid":529},{"bookingid":590},{"bookingid":597},{"bookingid":626},{"bookingid":584},{"bookingid":296},{"bookingid":556},{"bookingid":633},{"bookingid":511},{"bookingid":238},{"bookingid":766},{"bookingid":333},{"bookingid":427},{"bookingid":412},{"bookingid":312},{"bookingid":328},{"bookingid":377},{"bookingid":186},{"bookingid":53},{"bookingid":535},{"bookingid":98},{"bookingid":764},{"bookingid":32},{"bookingid":538},{"bookingid":445},{"bookingid":241},{"bookingid":83},{"bookingid":614},{"bookingid":145},{"bookingid":730},{"bookingid":644},{"bookingid":456},{"bookingid":436},{"bookingid":71},{"bookingid":746},{"bookingid":486},{"bookingid":244},{"bookingid":711},{"bookingid":207},{"bookingid":352},{"bookingid":355},{"bookingid":639},{"bookingid":439},{"bookingid":132},{"bookingid":124},{"bookingid":683},{"bookingid":27},{"bookingid":376},{"bookingid":248},{"bookingid":416},{"bookingid":54},{"bookingid":211},{"bookingid":501},{"bookingid":415},{"bookingid":484},{"bookingid":562},{"bookingid":734},{"bookingid":335},{"bookingid":512},{"bookingid":304},{"bookingid":226},{"bookingid":752},{"bookingid":391},{"bookingid":522},{"bookingid":728},{"bookingid":754},{"bookingid":50},{"bookingid":765},{"bookingid":343},{"bookingid":684},{"bookingid":210},{"bookingid":290},{"bookingid":192},{"bookingid":631},{"bookingid":77},{"bookingid":356},{"bookingid":707},{"bookingid":740},{"bookingid":460},{"bookingid":676},{"bookingid":233},{"bookingid":736},{"bookingid":173},{"bookingid":666},{"bookingid":451},{"bookingid":596},{"bookingid":162},{"bookingid":493},{"bookingid":585},{"bookingid":259},{"bookingid":138},{"bookingid":367},{"bookingid":675},{"bookingid":531},{"bookingid":581},{"bookingid":650},{"bookingid":504},{"bookingid":616}] 
 </msg>
<msg time="2025-04-14T18:42:47.895844" level="INFO">${response} = &lt;Response [200]&gt;</msg>
<var>${response}</var>
<arg>https://restful-booker.herokuapp.com/booking</arg>
<arg>${body}</arg>
<doc>Sends a GET request.</doc>
<status status="PASS" start="2025-04-14T18:42:47.365736" elapsed="0.530131"/>
</kw>
<kw name="Status Should Be" owner="RequestsLibrary">
<arg>200</arg>
<doc>Fails if response status code is different than the expected.</doc>
<status status="PASS" start="2025-04-14T18:42:47.896067" elapsed="0.000101"/>
</kw>
<kw name="Log List" owner="Collections">
<msg time="2025-04-14T18:42:47.896773" level="INFO">List length is 233 and it contains following items:
0: {'bookingid': 277}
1: {'bookingid': 463}
2: {'bookingid': 107}
3: {'bookingid': 310}
4: {'bookingid': 170}
5: {'bookingid': 344}
6: {'bookingid': 14}
7: {'bookingid': 250}
8: {'bookingid': 151}
9: {'bookingid': 165}
10: {'bookingid': 21}
11: {'bookingid': 708}
12: {'bookingid': 539}
13: {'bookingid': 525}
14: {'bookingid': 635}
15: {'bookingid': 381}
16: {'bookingid': 33}
17: {'bookingid': 605}
18: {'bookingid': 201}
19: {'bookingid': 88}
20: {'bookingid': 176}
21: {'bookingid': 281}
22: {'bookingid': 178}
23: {'bookingid': 656}
24: {'bookingid': 440}
25: {'bookingid': 99}
26: {'bookingid': 202}
27: {'bookingid': 74}
28: {'bookingid': 265}
29: {'bookingid': 84}
30: {'bookingid': 403}
31: {'bookingid': 266}
32: {'bookingid': 289}
33: {'bookingid': 261}
34: {'bookingid': 520}
35: {'bookingid': 35}
36: {'bookingid': 429}
37: {'bookingid': 384}
38: {'bookingid': 183}
39: {'bookingid': 317}
40: {'bookingid': 693}
41: {'bookingid': 193}
42: {'bookingid': 758}
43: {'bookingid': 607}
44: {'bookingid': 469}
45: {'bookingid': 669}
46: {'bookingid': 104}
47: {'bookingid': 568}
48: {'bookingid': 716}
49: {'bookingid': 92}
50: {'bookingid': 284}
51: {'bookingid': 114}
52: {'bookingid': 322}
53: {'bookingid': 722}
54: {'bookingid': 465}
55: {'bookingid': 362}
56: {'bookingid': 125}
57: {'bookingid': 20}
58: {'bookingid': 68}
59: {'bookingid': 748}
60: {'bookingid': 454}
61: {'bookingid': 198}
62: {'bookingid': 324}
63: {'bookingid': 373}
64: {'bookingid': 270}
65: {'bookingid': 549}
66: {'bookingid': 423}
67: {'bookingid': 688}
68: {'bookingid': 273}
69: {'bookingid': 629}
70: {'bookingid': 620}
71: {'bookingid': 144}
72: {'bookingid': 219}
73: {'bookingid': 496}
74: {'bookingid': 115}
75: {'bookingid': 490}
76: {'bookingid': 232}
77: {'bookingid': 156}
78: {'bookingid': 316}
79: {'bookingid': 499}
80: {'bookingid': 505}
81: {'bookingid': 569}
82: {'bookingid': 345}
83: {'bookingid': 398}
84: {'bookingid': 674}
85: {'bookingid': 742}
86: {'bookingid': 621}
87: {'bookingid': 212}
88: {'bookingid': 361}
89: {'bookingid': 47}
90: {'bookingid': 331}
91: {'bookingid': 187}
92: {'bookingid': 609}
93: {'bookingid': 256}
94: {'bookingid': 40}
95: {'bookingid': 757}
96: {'bookingid': 247}
97: {'bookingid': 662}
98: {'bookingid': 547}
99: {'bookingid': 578}
100: {'bookingid': 65}
101: {'bookingid': 339}
102: {'bookingid': 473}
103: {'bookingid': 428}
104: {'bookingid': 659}
105: {'bookingid': 601}
106: {'bookingid': 404}
107: {'bookingid': 91}
108: {'bookingid': 368}
109: {'bookingid': 692}
110: {'bookingid': 544}
111: {'bookingid': 397}
112: {'bookingid': 159}
113: {'bookingid': 665}
114: {'bookingid': 279}
115: {'bookingid': 26}
116: {'bookingid': 17}
117: {'bookingid': 108}
118: {'bookingid': 163}
119: {'bookingid': 700}
120: {'bookingid': 515}
121: {'bookingid': 704}
122: {'bookingid': 698}
123: {'bookingid': 574}
124: {'bookingid': 548}
125: {'bookingid': 409}
126: {'bookingid': 446}
127: {'bookingid': 150}
128: {'bookingid': 295}
129: {'bookingid': 120}
130: {'bookingid': 480}
131: {'bookingid': 591}
132: {'bookingid': 44}
133: {'bookingid': 420}
134: {'bookingid': 79}
135: {'bookingid': 529}
136: {'bookingid': 590}
137: {'bookingid': 597}
138: {'bookingid': 626}
139: {'bookingid': 584}
140: {'bookingid': 296}
141: {'bookingid': 556}
142: {'bookingid': 633}
143: {'bookingid': 511}
144: {'bookingid': 238}
145: {'bookingid': 766}
146: {'bookingid': 333}
147: {'bookingid': 427}
148: {'bookingid': 412}
149: {'bookingid': 312}
150: {'bookingid': 328}
151: {'bookingid': 377}
152: {'bookingid': 186}
153: {'bookingid': 53}
154: {'bookingid': 535}
155: {'bookingid': 98}
156: {'bookingid': 764}
157: {'bookingid': 32}
158: {'bookingid': 538}
159: {'bookingid': 445}
160: {'bookingid': 241}
161: {'bookingid': 83}
162: {'bookingid': 614}
163: {'bookingid': 145}
164: {'bookingid': 730}
165: {'bookingid': 644}
166: {'bookingid': 456}
167: {'bookingid': 436}
168: {'bookingid': 71}
169: {'bookingid': 746}
170: {'bookingid': 486}
171: {'bookingid': 244}
172: {'bookingid': 711}
173: {'bookingid': 207}
174: {'bookingid': 352}
175: {'bookingid': 355}
176: {'bookingid': 639}
177: {'bookingid': 439}
178: {'bookingid': 132}
179: {'bookingid': 124}
180: {'bookingid': 683}
181: {'bookingid': 27}
182: {'bookingid': 376}
183: {'bookingid': 248}
184: {'bookingid': 416}
185: {'bookingid': 54}
186: {'bookingid': 211}
187: {'bookingid': 501}
188: {'bookingid': 415}
189: {'bookingid': 484}
190: {'bookingid': 562}
191: {'bookingid': 734}
192: {'bookingid': 335}
193: {'bookingid': 512}
194: {'bookingid': 304}
195: {'bookingid': 226}
196: {'bookingid': 752}
197: {'bookingid': 391}
198: {'bookingid': 522}
199: {'bookingid': 728}
200: {'bookingid': 754}
201: {'bookingid': 50}
202: {'bookingid': 765}
203: {'bookingid': 343}
204: {'bookingid': 684}
205: {'bookingid': 210}
206: {'bookingid': 290}
207: {'bookingid': 192}
208: {'bookingid': 631}
209: {'bookingid': 77}
210: {'bookingid': 356}
211: {'bookingid': 707}
212: {'bookingid': 740}
213: {'bookingid': 460}
214: {'bookingid': 676}
215: {'bookingid': 233}
216: {'bookingid': 736}
217: {'bookingid': 173}
218: {'bookingid': 666}
219: {'bookingid': 451}
220: {'bookingid': 596}
221: {'bookingid': 162}
222: {'bookingid': 493}
223: {'bookingid': 585}
224: {'bookingid': 259}
225: {'bookingid': 138}
226: {'bookingid': 367}
227: {'bookingid': 675}
228: {'bookingid': 531}
229: {'bookingid': 581}
230: {'bookingid': 650}
231: {'bookingid': 504}
232: {'bookingid': 616}</msg>
<arg>${response.json()}</arg>
<doc>Logs the length and contents of the ``list`` using given ``level``.</doc>
<status status="PASS" start="2025-04-14T18:42:47.896276" elapsed="0.000574"/>
</kw>
<for flavor="IN">
<iter>
<kw name="GET" owner="RequestsLibrary">
<msg time="2025-04-14T18:42:48.423188" level="INFO">GET Request : url=https://restful-booker.herokuapp.com/booking/277 
 path_url=/booking/277 
 headers={'User-Agent': 'python-requests/2.32.3', 'Accept-Encoding': 'gzip, deflate', 'Accept': '*/*', 'Connection': 'keep-alive'} 
 body=None 
 </msg>
<msg time="2025-04-14T18:42:48.423260" level="INFO">GET Response : url=https://restful-booker.herokuapp.com/booking/277 
 status=200, reason=OK 
 headers={'Server': 'Cowboy', 'Report-To': '{"group":"heroku-nel","max_age":3600,"endpoints":[{"url":"https://nel.heroku.com/reports?ts=1744645379&amp;sid=c46efe9b-d3d2-4a0c-8c76-bfafa16c5add&amp;s=kVdrgN%2BRD0pWojPze2vB46RCrjzdcNAwcIUXWUY%2FvCQ%3D"}]}', 'Reporting-Endpoints': 'heroku-nel=https://nel.heroku.com/reports?ts=1744645379&amp;sid=c46efe9b-d3d2-4a0c-8c76-bfafa16c5add&amp;s=kVdrgN%2BRD0pWojPze2vB46RCrjzdcNAwcIUXWUY%2FvCQ%3D', 'Nel': '{"report_to":"heroku-nel","max_age":3600,"success_fraction":0.005,"failure_fraction":0.05,"response_headers":["Via"]}', 'Connection': 'keep-alive', 'X-Powered-By': 'Express', 'Content-Type': 'application/json; charset=utf-8', 'Content-Length': '169', 'Etag': 'W/"a9-pLno4M4jARCCH8k0BsLT0ALMqUE"', 'Date': 'Mon, 14 Apr 2025 15:42:59 GMT', 'Via': '1.1 vegur'} 
 body={"firstname":"John","lastname":"Smith","totalprice":111,"depositpaid":true,"bookingdates":{"checkin":"2018-01-01","checkout":"2019-01-01"},"additionalneeds":"Breakfast"} 
 </msg>
<msg time="2025-04-14T18:42:48.423496" level="INFO">${response} = &lt;Response [200]&gt;</msg>
<var>${response}</var>
<arg>https://restful-booker.herokuapp.com/booking/${booking}[bookingid]</arg>
<doc>Sends a GET request.</doc>
<status status="PASS" start="2025-04-14T18:42:47.897455" elapsed="0.526128"/>
</kw>
<try>
<branch type="TRY">
<kw name="Log" owner="BuiltIn">
<msg time="2025-04-14T18:42:48.424132" level="INFO">{'firstname': 'John', 'lastname': 'Smith', 'totalprice': 111, 'depositpaid': True, 'bookingdates': {'checkin': '2018-01-01', 'checkout': '2019-01-01'}, 'additionalneeds': 'Breakfast'}</msg>
<arg>${response.json()}</arg>
<doc>Logs the given message with the given level.</doc>
<status status="PASS" start="2025-04-14T18:42:48.423788" elapsed="0.000380"/>
</kw>
<status status="PASS" start="2025-04-14T18:42:48.423700" elapsed="0.000497"/>
</branch>
<branch type="EXCEPT">
<kw name="Log" owner="BuiltIn">
<arg>Cannot retrieve JSON due to invalid data</arg>
<doc>Logs the given message with the given level.</doc>
<status status="NOT RUN" start="2025-04-14T18:42:48.424299" elapsed="0.000015"/>
</kw>
<status status="NOT RUN" start="2025-04-14T18:42:48.424237" elapsed="0.000102"/>
</branch>
<status status="PASS" start="2025-04-14T18:42:48.423654" elapsed="0.000711"/>
</try>
<var name="${booking}">{'bookingid': 277}</var>
<status status="PASS" start="2025-04-14T18:42:47.897388" elapsed="0.526999"/>
</iter>
<iter>
<kw name="GET" owner="RequestsLibrary">
<msg time="2025-04-14T18:42:48.951408" level="INFO">GET Request : url=https://restful-booker.herokuapp.com/booking/463 
 path_url=/booking/463 
 headers={'User-Agent': 'python-requests/2.32.3', 'Accept-Encoding': 'gzip, deflate', 'Accept': '*/*', 'Connection': 'keep-alive'} 
 body=None 
 </msg>
<msg time="2025-04-14T18:42:48.951479" level="INFO">GET Response : url=https://restful-booker.herokuapp.com/booking/463 
 status=200, reason=OK 
 headers={'Server': 'Cowboy', 'Report-To': '{"group":"heroku-nel","max_age":3600,"endpoints":[{"url":"https://nel.heroku.com/reports?ts=1744645380&amp;sid=c46efe9b-d3d2-4a0c-8c76-bfafa16c5add&amp;s=XRIFVijVJPEjkWrjoSrgv0DxWdFOd9XYfhRJMjLJGR8%3D"}]}', 'Reporting-Endpoints': 'heroku-nel=https://nel.heroku.com/reports?ts=1744645380&amp;sid=c46efe9b-d3d2-4a0c-8c76-bfafa16c5add&amp;s=XRIFVijVJPEjkWrjoSrgv0DxWdFOd9XYfhRJMjLJGR8%3D', 'Nel': '{"report_to":"heroku-nel","max_age":3600,"success_fraction":0.005,"failure_fraction":0.05,"response_headers":["Via"]}', 'Connection': 'keep-alive', 'X-Powered-By': 'Express', 'Content-Type': 'application/json; charset=utf-8', 'Content-Length': '169', 'Etag': 'W/"a9-pLno4M4jARCCH8k0BsLT0ALMqUE"', 'Date': 'Mon, 14 Apr 2025 15:43:00 GMT', 'Via': '1.1 vegur'} 
 body={"firstname":"John","lastname":"Smith","totalprice":111,"depositpaid":true,"bookingdates":{"checkin":"2018-01-01","checkout":"2019-01-01"},"additionalneeds":"Breakfast"} 
 </msg>
<msg time="2025-04-14T18:42:48.951701" level="INFO">${response} = &lt;Response [200]&gt;</msg>
<var>${response}</var>
<arg>https://restful-booker.herokuapp.com/booking/${booking}[bookingid]</arg>
<doc>Sends a GET request.</doc>
<status status="PASS" start="2025-04-14T18:42:48.424569" elapsed="0.527156"/>
</kw>
<try>
<branch type="TRY">
<kw name="Log" owner="BuiltIn">
<msg time="2025-04-14T18:42:48.952247" level="INFO">{'firstname': 'John', 'lastname': 'Smith', 'totalprice': 111, 'depositpaid': True, 'bookingdates': {'checkin': '2018-01-01', 'checkout': '2019-01-01'}, 'additionalneeds': 'Breakfast'}</msg>
<arg>${response.json()}</arg>
<doc>Logs the given message with the given level.</doc>
<status status="PASS" start="2025-04-14T18:42:48.951910" elapsed="0.000373"/>
</kw>
<status status="PASS" start="2025-04-14T18:42:48.951828" elapsed="0.000483"/>
</branch>
<branch type="EXCEPT">
<kw name="Log" owner="BuiltIn">
<arg>Cannot retrieve JSON due to invalid data</arg>
<doc>Logs the given message with the given level.</doc>
<status status="NOT RUN" start="2025-04-14T18:42:48.952404" elapsed="0.000015"/>
</kw>
<status status="NOT RUN" start="2025-04-14T18:42:48.952346" elapsed="0.000098"/>
</branch>
<status status="PASS" start="2025-04-14T18:42:48.951792" elapsed="0.000675"/>
</try>
<var name="${booking}">{'bookingid': 463}</var>
<status status="PASS" start="2025-04-14T18:42:48.424511" elapsed="0.527977"/>
</iter>
<iter>
<kw name="GET" owner="RequestsLibrary">
<msg time="2025-04-14T18:42:49.486552" level="INFO">GET Request : url=https://restful-booker.herokuapp.com/booking/107 
 path_url=/booking/107 
 headers={'User-Agent': 'python-requests/2.32.3', 'Accept-Encoding': 'gzip, deflate', 'Accept': '*/*', 'Connection': 'keep-alive'} 
 body=None 
 </msg>
<msg time="2025-04-14T18:42:49.486624" level="INFO">GET Response : url=https://restful-booker.herokuapp.com/booking/107 
 status=200, reason=OK 
 headers={'Server': 'Cowboy', 'Report-To': '{"group":"heroku-nel","max_age":3600,"endpoints":[{"url":"https://nel.heroku.com/reports?ts=1744645380&amp;sid=c46efe9b-d3d2-4a0c-8c76-bfafa16c5add&amp;s=XRIFVijVJPEjkWrjoSrgv0DxWdFOd9XYfhRJMjLJGR8%3D"}]}', 'Reporting-Endpoints': 'heroku-nel=https://nel.heroku.com/reports?ts=1744645380&amp;sid=c46efe9b-d3d2-4a0c-8c76-bfafa16c5add&amp;s=XRIFVijVJPEjkWrjoSrgv0DxWdFOd9XYfhRJMjLJGR8%3D', 'Nel': '{"report_to":"heroku-nel","max_age":3600,"success_fraction":0.005,"failure_fraction":0.05,"response_headers":["Via"]}', 'Connection': 'keep-alive', 'X-Powered-By': 'Express', 'Content-Type': 'application/json; charset=utf-8', 'Content-Length': '169', 'Etag': 'W/"a9-pLno4M4jARCCH8k0BsLT0ALMqUE"', 'Date': 'Mon, 14 Apr 2025 15:43:00 GMT', 'Via': '1.1 vegur'} 
 body={"firstname":"John","lastname":"Smith","totalprice":111,"depositpaid":true,"bookingdates":{"checkin":"2018-01-01","checkout":"2019-01-01"},"additionalneeds":"Breakfast"} 
 </msg>
<msg time="2025-04-14T18:42:49.486847" level="INFO">${response} = &lt;Response [200]&gt;</msg>
<var>${response}</var>
<arg>https://restful-booker.herokuapp.com/booking/${booking}[bookingid]</arg>
<doc>Sends a GET request.</doc>
<status status="PASS" start="2025-04-14T18:42:48.952656" elapsed="0.534216"/>
</kw>
<try>
<branch type="TRY">
<kw name="Log" owner="BuiltIn">
<msg time="2025-04-14T18:42:49.487409" level="INFO">{'firstname': 'John', 'lastname': 'Smith', 'totalprice': 111, 'depositpaid': True, 'bookingdates': {'checkin': '2018-01-01', 'checkout': '2019-01-01'}, 'additionalneeds': 'Breakfast'}</msg>
<arg>${response.json()}</arg>
<doc>Logs the given message with the given level.</doc>
<status status="PASS" start="2025-04-14T18:42:49.487048" elapsed="0.000397"/>
</kw>
<status status="PASS" start="2025-04-14T18:42:49.486964" elapsed="0.000509"/>
</branch>
<branch type="EXCEPT">
<kw name="Log" owner="BuiltIn">
<arg>Cannot retrieve JSON due to invalid data</arg>
<doc>Logs the given message with the given level.</doc>
<status status="NOT RUN" start="2025-04-14T18:42:49.487563" elapsed="0.000015"/>
</kw>
<status status="NOT RUN" start="2025-04-14T18:42:49.487505" elapsed="0.000098"/>
</branch>
<status status="PASS" start="2025-04-14T18:42:49.486932" elapsed="0.000693"/>
</try>
<var name="${booking}">{'bookingid': 107}</var>
<status status="PASS" start="2025-04-14T18:42:48.952603" elapsed="0.535043"/>
</iter>
<iter>
<kw name="GET" owner="RequestsLibrary">
<msg time="2025-04-14T18:42:50.015704" level="INFO">GET Request : url=https://restful-booker.herokuapp.com/booking/310 
 path_url=/booking/310 
 headers={'User-Agent': 'python-requests/2.32.3', 'Accept-Encoding': 'gzip, deflate', 'Accept': '*/*', 'Connection': 'keep-alive'} 
 body=None 
 </msg>
<msg time="2025-04-14T18:42:50.015773" level="INFO">GET Response : url=https://restful-booker.herokuapp.com/booking/310 
 status=200, reason=OK 
 headers={'Server': 'Cowboy', 'Report-To': '{"group":"heroku-nel","max_age":3600,"endpoints":[{"url":"https://nel.heroku.com/reports?ts=1744645381&amp;sid=c46efe9b-d3d2-4a0c-8c76-bfafa16c5add&amp;s=x7Ulwt3JNseaAaHDME7KWqjPJVShVXPGpyewRJ5kjA8%3D"}]}', 'Reporting-Endpoints': 'heroku-nel=https://nel.heroku.com/reports?ts=1744645381&amp;sid=c46efe9b-d3d2-4a0c-8c76-bfafa16c5add&amp;s=x7Ulwt3JNseaAaHDME7KWqjPJVShVXPGpyewRJ5kjA8%3D', 'Nel': '{"report_to":"heroku-nel","max_age":3600,"success_fraction":0.005,"failure_fraction":0.05,"response_headers":["Via"]}', 'Connection': 'keep-alive', 'X-Powered-By': 'Express', 'Content-Type': 'application/json; charset=utf-8', 'Content-Length': '169', 'Etag': 'W/"a9-pLno4M4jARCCH8k0BsLT0ALMqUE"', 'Date': 'Mon, 14 Apr 2025 15:43:01 GMT', 'Via': '1.1 vegur'} 
 body={"firstname":"John","lastname":"Smith","totalprice":111,"depositpaid":true,"bookingdates":{"checkin":"2018-01-01","checkout":"2019-01-01"},"additionalneeds":"Breakfast"} 
 </msg>
<msg time="2025-04-14T18:42:50.016029" level="INFO">${response} = &lt;Response [200]&gt;</msg>
<var>${response}</var>
<arg>https://restful-booker.herokuapp.com/booking/${booking}[bookingid]</arg>
<doc>Sends a GET request.</doc>
<status status="PASS" start="2025-04-14T18:42:49.487817" elapsed="0.528236"/>
</kw>
<try>
<branch type="TRY">
<kw name="Log" owner="BuiltIn">
<msg time="2025-04-14T18:42:50.016563" level="INFO">{'firstname': 'John', 'lastname': 'Smith', 'totalprice': 111, 'depositpaid': True, 'bookingdates': {'checkin': '2018-01-01', 'checkout': '2019-01-01'}, 'additionalneeds': 'Breakfast'}</msg>
<arg>${response.json()}</arg>
<doc>Logs the given message with the given level.</doc>
<status status="PASS" start="2025-04-14T18:42:50.016228" elapsed="0.000370"/>
</kw>
<status status="PASS" start="2025-04-14T18:42:50.016146" elapsed="0.000481"/>
</branch>
<branch type="EXCEPT">
<kw name="Log" owner="BuiltIn">
<arg>Cannot retrieve JSON due to invalid data</arg>
<doc>Logs the given message with the given level.</doc>
<status status="NOT RUN" start="2025-04-14T18:42:50.016716" elapsed="0.000015"/>
</kw>
<status status="NOT RUN" start="2025-04-14T18:42:50.016659" elapsed="0.000096"/>
</branch>
<status status="PASS" start="2025-04-14T18:42:50.016114" elapsed="0.000663"/>
</try>
<var name="${booking}">{'bookingid': 310}</var>
<status status="PASS" start="2025-04-14T18:42:49.487759" elapsed="0.529039"/>
</iter>
<iter>
<kw name="GET" owner="RequestsLibrary">
<msg time="2025-04-14T18:42:50.540500" level="INFO">GET Request : url=https://restful-booker.herokuapp.com/booking/170 
 path_url=/booking/170 
 headers={'User-Agent': 'python-requests/2.32.3', 'Accept-Encoding': 'gzip, deflate', 'Accept': '*/*', 'Connection': 'keep-alive'} 
 body=None 
 </msg>
<msg time="2025-04-14T18:42:50.540571" level="INFO">GET Response : url=https://restful-booker.herokuapp.com/booking/170 
 status=200, reason=OK 
 headers={'Server': 'Cowboy', 'Report-To': '{"group":"heroku-nel","max_age":3600,"endpoints":[{"url":"https://nel.heroku.com/reports?ts=1744645381&amp;sid=c46efe9b-d3d2-4a0c-8c76-bfafa16c5add&amp;s=x7Ulwt3JNseaAaHDME7KWqjPJVShVXPGpyewRJ5kjA8%3D"}]}', 'Reporting-Endpoints': 'heroku-nel=https://nel.heroku.com/reports?ts=1744645381&amp;sid=c46efe9b-d3d2-4a0c-8c76-bfafa16c5add&amp;s=x7Ulwt3JNseaAaHDME7KWqjPJVShVXPGpyewRJ5kjA8%3D', 'Nel': '{"report_to":"heroku-nel","max_age":3600,"success_fraction":0.005,"failure_fraction":0.05,"response_headers":["Via"]}', 'Connection': 'keep-alive', 'X-Powered-By': 'Express', 'Content-Type': 'application/json; charset=utf-8', 'Content-Length': '169', 'Etag': 'W/"a9-pLno4M4jARCCH8k0BsLT0ALMqUE"', 'Date': 'Mon, 14 Apr 2025 15:43:01 GMT', 'Via': '1.1 vegur'} 
 body={"firstname":"John","lastname":"Smith","totalprice":111,"depositpaid":true,"bookingdates":{"checkin":"2018-01-01","checkout":"2019-01-01"},"additionalneeds":"Breakfast"} 
 </msg>
<msg time="2025-04-14T18:42:50.540777" level="INFO">${response} = &lt;Response [200]&gt;</msg>
<var>${response}</var>
<arg>https://restful-booker.herokuapp.com/booking/${booking}[bookingid]</arg>
<doc>Sends a GET request.</doc>
<status status="PASS" start="2025-04-14T18:42:50.016962" elapsed="0.523840"/>
</kw>
<try>
<branch type="TRY">
<kw name="Log" owner="BuiltIn">
<msg time="2025-04-14T18:42:50.541314" level="INFO">{'firstname': 'John', 'lastname': 'Smith', 'totalprice': 111, 'depositpaid': True, 'bookingdates': {'checkin': '2018-01-01', 'checkout': '2019-01-01'}, 'additionalneeds': 'Breakfast'}</msg>
<arg>${response.json()}</arg>
<doc>Logs the given message with the given level.</doc>
<status status="PASS" start="2025-04-14T18:42:50.540977" elapsed="0.000372"/>
</kw>
<status status="PASS" start="2025-04-14T18:42:50.540896" elapsed="0.000480"/>
</branch>
<branch type="EXCEPT">
<kw name="Log" owner="BuiltIn">
<arg>Cannot retrieve JSON due to invalid data</arg>
<doc>Logs the given message with the given level.</doc>
<status status="NOT RUN" start="2025-04-14T18:42:50.541464" elapsed="0.000014"/>
</kw>
<status status="NOT RUN" start="2025-04-14T18:42:50.541407" elapsed="0.000096"/>
</branch>
<status status="PASS" start="2025-04-14T18:42:50.540864" elapsed="0.000661"/>
</try>
<var name="${booking}">{'bookingid': 170}</var>
<status status="PASS" start="2025-04-14T18:42:50.016910" elapsed="0.524634"/>
</iter>
<iter>
<kw name="GET" owner="RequestsLibrary">
<msg time="2025-04-14T18:42:51.071818" level="INFO">GET Request : url=https://restful-booker.herokuapp.com/booking/344 
 path_url=/booking/344 
 headers={'User-Agent': 'python-requests/2.32.3', 'Accept-Encoding': 'gzip, deflate', 'Accept': '*/*', 'Connection': 'keep-alive'} 
 body=None 
 </msg>
<msg time="2025-04-14T18:42:51.071892" level="INFO">GET Response : url=https://restful-booker.herokuapp.com/booking/344 
 status=200, reason=OK 
 headers={'Server': 'Cowboy', 'Report-To': '{"group":"heroku-nel","max_age":3600,"endpoints":[{"url":"https://nel.heroku.com/reports?ts=1744645382&amp;sid=c46efe9b-d3d2-4a0c-8c76-bfafa16c5add&amp;s=wez7eSIchZcwFNm7uR8xC38fmnG1fyywm%2BeTsTrR%2B9o%3D"}]}', 'Reporting-Endpoints': 'heroku-nel=https://nel.heroku.com/reports?ts=1744645382&amp;sid=c46efe9b-d3d2-4a0c-8c76-bfafa16c5add&amp;s=wez7eSIchZcwFNm7uR8xC38fmnG1fyywm%2BeTsTrR%2B9o%3D', 'Nel': '{"report_to":"heroku-nel","max_age":3600,"success_fraction":0.005,"failure_fraction":0.05,"response_headers":["Via"]}', 'Connection': 'keep-alive', 'X-Powered-By': 'Express', 'Content-Type': 'application/json; charset=utf-8', 'Content-Length': '169', 'Etag': 'W/"a9-pLno4M4jARCCH8k0BsLT0ALMqUE"', 'Date': 'Mon, 14 Apr 2025 15:43:02 GMT', 'Via': '1.1 vegur'} 
 body={"firstname":"John","lastname":"Smith","totalprice":111,"depositpaid":true,"bookingdates":{"checkin":"2018-01-01","checkout":"2019-01-01"},"additionalneeds":"Breakfast"} 
 </msg>
<msg time="2025-04-14T18:42:51.072127" level="INFO">${response} = &lt;Response [200]&gt;</msg>
<var>${response}</var>
<arg>https://restful-booker.herokuapp.com/booking/${booking}[bookingid]</arg>
<doc>Sends a GET request.</doc>
<status status="PASS" start="2025-04-14T18:42:50.541708" elapsed="0.530443"/>
</kw>
<try>
<branch type="TRY">
<kw name="Log" owner="BuiltIn">
<msg time="2025-04-14T18:42:51.072663" level="INFO">{'firstname': 'John', 'lastname': 'Smith', 'totalprice': 111, 'depositpaid': True, 'bookingdates': {'checkin': '2018-01-01', 'checkout': '2019-01-01'}, 'additionalneeds': 'Breakfast'}</msg>
<arg>${response.json()}</arg>
<doc>Logs the given message with the given level.</doc>
<status status="PASS" start="2025-04-14T18:42:51.072329" elapsed="0.000369"/>
</kw>
<status status="PASS" start="2025-04-14T18:42:51.072245" elapsed="0.000480"/>
</branch>
<branch type="EXCEPT">
<kw name="Log" owner="BuiltIn">
<arg>Cannot retrieve JSON due to invalid data</arg>
<doc>Logs the given message with the given level.</doc>
<status status="NOT RUN" start="2025-04-14T18:42:51.072815" elapsed="0.000015"/>
</kw>
<status status="NOT RUN" start="2025-04-14T18:42:51.072757" elapsed="0.000097"/>
</branch>
<status status="PASS" start="2025-04-14T18:42:51.072213" elapsed="0.000663"/>
</try>
<var name="${booking}">{'bookingid': 344}</var>
<status status="PASS" start="2025-04-14T18:42:50.541655" elapsed="0.531240"/>
</iter>
<iter>
<kw name="GET" owner="RequestsLibrary">
<msg time="2025-04-14T18:42:51.601801" level="INFO">GET Request : url=https://restful-booker.herokuapp.com/booking/14 
 path_url=/booking/14 
 headers={'User-Agent': 'python-requests/2.32.3', 'Accept-Encoding': 'gzip, deflate', 'Accept': '*/*', 'Connection': 'keep-alive'} 
 body=None 
 </msg>
<msg time="2025-04-14T18:42:51.601874" level="INFO">GET Response : url=https://restful-booker.herokuapp.com/booking/14 
 status=200, reason=OK 
 headers={'Server': 'Cowboy', 'Report-To': '{"group":"heroku-nel","max_age":3600,"endpoints":[{"url":"https://nel.heroku.com/reports?ts=1744645382&amp;sid=c46efe9b-d3d2-4a0c-8c76-bfafa16c5add&amp;s=wez7eSIchZcwFNm7uR8xC38fmnG1fyywm%2BeTsTrR%2B9o%3D"}]}', 'Reporting-Endpoints': 'heroku-nel=https://nel.heroku.com/reports?ts=1744645382&amp;sid=c46efe9b-d3d2-4a0c-8c76-bfafa16c5add&amp;s=wez7eSIchZcwFNm7uR8xC38fmnG1fyywm%2BeTsTrR%2B9o%3D', 'Nel': '{"report_to":"heroku-nel","max_age":3600,"success_fraction":0.005,"failure_fraction":0.05,"response_headers":["Via"]}', 'Connection': 'keep-alive', 'X-Powered-By': 'Express', 'Content-Type': 'application/json; charset=utf-8', 'Content-Length': '169', 'Etag': 'W/"a9-pLno4M4jARCCH8k0BsLT0ALMqUE"', 'Date': 'Mon, 14 Apr 2025 15:43:02 GMT', 'Via': '1.1 vegur'} 
 body={"firstname":"John","lastname":"Smith","totalprice":111,"depositpaid":true,"bookingdates":{"checkin":"2018-01-01","checkout":"2019-01-01"},"additionalneeds":"Breakfast"} 
 </msg>
<msg time="2025-04-14T18:42:51.602190" level="INFO">${response} = &lt;Response [200]&gt;</msg>
<var>${response}</var>
<arg>https://restful-booker.herokuapp.com/booking/${booking}[bookingid]</arg>
<doc>Sends a GET request.</doc>
<status status="PASS" start="2025-04-14T18:42:51.073058" elapsed="0.529158"/>
</kw>
<try>
<branch type="TRY">
<kw name="Log" owner="BuiltIn">
<msg time="2025-04-14T18:42:51.602731" level="INFO">{'firstname': 'John', 'lastname': 'Smith', 'totalprice': 111, 'depositpaid': True, 'bookingdates': {'checkin': '2018-01-01', 'checkout': '2019-01-01'}, 'additionalneeds': 'Breakfast'}</msg>
<arg>${response.json()}</arg>
<doc>Logs the given message with the given level.</doc>
<status status="PASS" start="2025-04-14T18:42:51.602391" elapsed="0.000376"/>
</kw>
<status status="PASS" start="2025-04-14T18:42:51.602308" elapsed="0.000486"/>
</branch>
<branch type="EXCEPT">
<kw name="Log" owner="BuiltIn">
<arg>Cannot retrieve JSON due to invalid data</arg>
<doc>Logs the given message with the given level.</doc>
<status status="NOT RUN" start="2025-04-14T18:42:51.602895" elapsed="0.000019"/>
</kw>
<status status="NOT RUN" start="2025-04-14T18:42:51.602825" elapsed="0.000116"/>
</branch>
<status status="PASS" start="2025-04-14T18:42:51.602277" elapsed="0.000687"/>
</try>
<var name="${booking}">{'bookingid': 14}</var>
<status status="PASS" start="2025-04-14T18:42:51.073005" elapsed="0.529979"/>
</iter>
<iter>
<kw name="GET" owner="RequestsLibrary">
<msg time="2025-04-14T18:42:52.131061" level="INFO">GET Request : url=https://restful-booker.herokuapp.com/booking/250 
 path_url=/booking/250 
 headers={'User-Agent': 'python-requests/2.32.3', 'Accept-Encoding': 'gzip, deflate', 'Accept': '*/*', 'Connection': 'keep-alive'} 
 body=None 
 </msg>
<msg time="2025-04-14T18:42:52.131133" level="INFO">GET Response : url=https://restful-booker.herokuapp.com/booking/250 
 status=200, reason=OK 
 headers={'Server': 'Cowboy', 'Report-To': '{"group":"heroku-nel","max_age":3600,"endpoints":[{"url":"https://nel.heroku.com/reports?ts=1744645383&amp;sid=c46efe9b-d3d2-4a0c-8c76-bfafa16c5add&amp;s=07JlvvkHWlrBxEmjOQQNCl8Xy9VGsX%2Bt6qI8icqosJI%3D"}]}', 'Reporting-Endpoints': 'heroku-nel=https://nel.heroku.com/reports?ts=1744645383&amp;sid=c46efe9b-d3d2-4a0c-8c76-bfafa16c5add&amp;s=07JlvvkHWlrBxEmjOQQNCl8Xy9VGsX%2Bt6qI8icqosJI%3D', 'Nel': '{"report_to":"heroku-nel","max_age":3600,"success_fraction":0.005,"failure_fraction":0.05,"response_headers":["Via"]}', 'Connection': 'keep-alive', 'X-Powered-By': 'Express', 'Content-Type': 'application/json; charset=utf-8', 'Content-Length': '169', 'Etag': 'W/"a9-pLno4M4jARCCH8k0BsLT0ALMqUE"', 'Date': 'Mon, 14 Apr 2025 15:43:03 GMT', 'Via': '1.1 vegur'} 
 body={"firstname":"John","lastname":"Smith","totalprice":111,"depositpaid":true,"bookingdates":{"checkin":"2018-01-01","checkout":"2019-01-01"},"additionalneeds":"Breakfast"} 
 </msg>
<msg time="2025-04-14T18:42:52.131348" level="INFO">${response} = &lt;Response [200]&gt;</msg>
<var>${response}</var>
<arg>https://restful-booker.herokuapp.com/booking/${booking}[bookingid]</arg>
<doc>Sends a GET request.</doc>
<status status="PASS" start="2025-04-14T18:42:51.603151" elapsed="0.528223"/>
</kw>
<try>
<branch type="TRY">
<kw name="Log" owner="BuiltIn">
<msg time="2025-04-14T18:42:52.131887" level="INFO">{'firstname': 'John', 'lastname': 'Smith', 'totalprice': 111, 'depositpaid': True, 'bookingdates': {'checkin': '2018-01-01', 'checkout': '2019-01-01'}, 'additionalneeds': 'Breakfast'}</msg>
<arg>${response.json()}</arg>
<doc>Logs the given message with the given level.</doc>
<status status="PASS" start="2025-04-14T18:42:52.131547" elapsed="0.000375"/>
</kw>
<status status="PASS" start="2025-04-14T18:42:52.131465" elapsed="0.000484"/>
</branch>
<branch type="EXCEPT">
<kw name="Log" owner="BuiltIn">
<arg>Cannot retrieve JSON due to invalid data</arg>
<doc>Logs the given message with the given level.</doc>
<status status="NOT RUN" start="2025-04-14T18:42:52.132038" elapsed="0.000015"/>
</kw>
<status status="NOT RUN" start="2025-04-14T18:42:52.131981" elapsed="0.000097"/>
</branch>
<status status="PASS" start="2025-04-14T18:42:52.131433" elapsed="0.000666"/>
</try>
<var name="${booking}">{'bookingid': 250}</var>
<status status="PASS" start="2025-04-14T18:42:51.603097" elapsed="0.529022"/>
</iter>
<iter>
<kw name="GET" owner="RequestsLibrary">
<msg time="2025-04-14T18:42:52.663658" level="INFO">GET Request : url=https://restful-booker.herokuapp.com/booking/151 
 path_url=/booking/151 
 headers={'User-Agent': 'python-requests/2.32.3', 'Accept-Encoding': 'gzip, deflate', 'Accept': '*/*', 'Connection': 'keep-alive'} 
 body=None 
 </msg>
<msg time="2025-04-14T18:42:52.663732" level="INFO">GET Response : url=https://restful-booker.herokuapp.com/booking/151 
 status=200, reason=OK 
 headers={'Server': 'Cowboy', 'Report-To': '{"group":"heroku-nel","max_age":3600,"endpoints":[{"url":"https://nel.heroku.com/reports?ts=1744645384&amp;sid=c46efe9b-d3d2-4a0c-8c76-bfafa16c5add&amp;s=YKztdN%2Fvjs%2BvLHB8cB6TmWaN6%2B9BgPJUjyD6pzznow0%3D"}]}', 'Reporting-Endpoints': 'heroku-nel=https://nel.heroku.com/reports?ts=1744645384&amp;sid=c46efe9b-d3d2-4a0c-8c76-bfafa16c5add&amp;s=YKztdN%2Fvjs%2BvLHB8cB6TmWaN6%2B9BgPJUjyD6pzznow0%3D', 'Nel': '{"report_to":"heroku-nel","max_age":3600,"success_fraction":0.005,"failure_fraction":0.05,"response_headers":["Via"]}', 'Connection': 'keep-alive', 'X-Powered-By': 'Express', 'Content-Type': 'application/json; charset=utf-8', 'Content-Length': '166', 'Etag': 'W/"a6-vPXjncGrn8Piq6F1iJO/U7WUYCA"', 'Date': 'Mon, 14 Apr 2025 15:43:04 GMT', 'Via': '1.1 vegur'} 
 body={"firstname":"John","lastname":"Smith","totalprice":111,"depositpaid":true,"bookingdates":{"checkin":"2018-01-01","checkout":"2019-01-01"},"additionalneeds":"Dinner"} 
 </msg>
<msg time="2025-04-14T18:42:52.663959" level="INFO">${response} = &lt;Response [200]&gt;</msg>
<var>${response}</var>
<arg>https://restful-booker.herokuapp.com/booking/${booking}[bookingid]</arg>
<doc>Sends a GET request.</doc>
<status status="PASS" start="2025-04-14T18:42:52.132283" elapsed="0.531700"/>
</kw>
<try>
<branch type="TRY">
<kw name="Log" owner="BuiltIn">
<msg time="2025-04-14T18:42:52.664500" level="INFO">{'firstname': 'John', 'lastname': 'Smith', 'totalprice': 111, 'depositpaid': True, 'bookingdates': {'checkin': '2018-01-01', 'checkout': '2019-01-01'}, 'additionalneeds': 'Dinner'}</msg>
<arg>${response.json()}</arg>
<doc>Logs the given message with the given level.</doc>
<status status="PASS" start="2025-04-14T18:42:52.664160" elapsed="0.000377"/>
</kw>
<status status="PASS" start="2025-04-14T18:42:52.664077" elapsed="0.000487"/>
</branch>
<branch type="EXCEPT">
<kw name="Log" owner="BuiltIn">
<arg>Cannot retrieve JSON due to invalid data</arg>
<doc>Logs the given message with the given level.</doc>
<status status="NOT RUN" start="2025-04-14T18:42:52.664653" elapsed="0.000015"/>
</kw>
<status status="NOT RUN" start="2025-04-14T18:42:52.664595" elapsed="0.000098"/>
</branch>
<status status="PASS" start="2025-04-14T18:42:52.664044" elapsed="0.000671"/>
</try>
<var name="${booking}">{'bookingid': 151}</var>
<status status="PASS" start="2025-04-14T18:42:52.132229" elapsed="0.532506"/>
</iter>
<iter>
<kw name="GET" owner="RequestsLibrary">
<msg time="2025-04-14T18:42:53.205080" level="INFO">GET Request : url=https://restful-booker.herokuapp.com/booking/165 
 path_url=/booking/165 
 headers={'User-Agent': 'python-requests/2.32.3', 'Accept-Encoding': 'gzip, deflate', 'Accept': '*/*', 'Connection': 'keep-alive'} 
 body=None 
 </msg>
<msg time="2025-04-14T18:42:53.205149" level="INFO">GET Response : url=https://restful-booker.herokuapp.com/booking/165 
 status=200, reason=OK 
 headers={'Server': 'Cowboy', 'Report-To': '{"group":"heroku-nel","max_age":3600,"endpoints":[{"url":"https://nel.heroku.com/reports?ts=1744645384&amp;sid=c46efe9b-d3d2-4a0c-8c76-bfafa16c5add&amp;s=YKztdN%2Fvjs%2BvLHB8cB6TmWaN6%2B9BgPJUjyD6pzznow0%3D"}]}', 'Reporting-Endpoints': 'heroku-nel=https://nel.heroku.com/reports?ts=1744645384&amp;sid=c46efe9b-d3d2-4a0c-8c76-bfafa16c5add&amp;s=YKztdN%2Fvjs%2BvLHB8cB6TmWaN6%2B9BgPJUjyD6pzznow0%3D', 'Nel': '{"report_to":"heroku-nel","max_age":3600,"success_fraction":0.005,"failure_fraction":0.05,"response_headers":["Via"]}', 'Connection': 'keep-alive', 'X-Powered-By': 'Express', 'Content-Type': 'application/json; charset=utf-8', 'Content-Length': '169', 'Etag': 'W/"a9-pLno4M4jARCCH8k0BsLT0ALMqUE"', 'Date': 'Mon, 14 Apr 2025 15:43:04 GMT', 'Via': '1.1 vegur'} 
 body={"firstname":"John","lastname":"Smith","totalprice":111,"depositpaid":true,"bookingdates":{"checkin":"2018-01-01","checkout":"2019-01-01"},"additionalneeds":"Breakfast"} 
 </msg>
<msg time="2025-04-14T18:42:53.205398" level="INFO">${response} = &lt;Response [200]&gt;</msg>
<var>${response}</var>
<arg>https://restful-booker.herokuapp.com/booking/${booking}[bookingid]</arg>
<doc>Sends a GET request.</doc>
<status status="PASS" start="2025-04-14T18:42:52.664897" elapsed="0.540525"/>
</kw>
<try>
<branch type="TRY">
<kw name="Log" owner="BuiltIn">
<msg time="2025-04-14T18:42:53.205933" level="INFO">{'firstname': 'John', 'lastname': 'Smith', 'totalprice': 111, 'depositpaid': True, 'bookingdates': {'checkin': '2018-01-01', 'checkout': '2019-01-01'}, 'additionalneeds': 'Breakfast'}</msg>
<arg>${response.json()}</arg>
<doc>Logs the given message with the given level.</doc>
<status status="PASS" start="2025-04-14T18:42:53.205597" elapsed="0.000370"/>
</kw>
<status status="PASS" start="2025-04-14T18:42:53.205514" elapsed="0.000480"/>
</branch>
<branch type="EXCEPT">
<kw name="Log" owner="BuiltIn">
<arg>Cannot retrieve JSON due to invalid data</arg>
<doc>Logs the given message with the given level.</doc>
<status status="NOT RUN" start="2025-04-14T18:42:53.206083" elapsed="0.000014"/>
</kw>
<status status="NOT RUN" start="2025-04-14T18:42:53.206025" elapsed="0.000097"/>
</branch>
<status status="PASS" start="2025-04-14T18:42:53.205482" elapsed="0.000662"/>
</try>
<var name="${booking}">{'bookingid': 165}</var>
<status status="PASS" start="2025-04-14T18:42:52.664844" elapsed="0.541320"/>
</iter>
<iter>
<kw name="GET" owner="RequestsLibrary">
<msg time="2025-04-14T18:42:53.731382" level="INFO">GET Request : url=https://restful-booker.herokuapp.com/booking/21 
 path_url=/booking/21 
 headers={'User-Agent': 'python-requests/2.32.3', 'Accept-Encoding': 'gzip, deflate', 'Accept': '*/*', 'Connection': 'keep-alive'} 
 body=None 
 </msg>
<msg time="2025-04-14T18:42:53.731453" level="INFO">GET Response : url=https://restful-booker.herokuapp.com/booking/21 
 status=200, reason=OK 
 headers={'Server': 'Cowboy', 'Report-To': '{"group":"heroku-nel","max_age":3600,"endpoints":[{"url":"https://nel.heroku.com/reports?ts=1744645385&amp;sid=c46efe9b-d3d2-4a0c-8c76-bfafa16c5add&amp;s=kwLcPvacznSUMvILQ4xQOXQEKt2ywnYdGmCPNkxNWIk%3D"}]}', 'Reporting-Endpoints': 'heroku-nel=https://nel.heroku.com/reports?ts=1744645385&amp;sid=c46efe9b-d3d2-4a0c-8c76-bfafa16c5add&amp;s=kwLcPvacznSUMvILQ4xQOXQEKt2ywnYdGmCPNkxNWIk%3D', 'Nel': '{"report_to":"heroku-nel","max_age":3600,"success_fraction":0.005,"failure_fraction":0.05,"response_headers":["Via"]}', 'Connection': 'keep-alive', 'X-Powered-By': 'Express', 'Content-Type': 'application/json; charset=utf-8', 'Content-Length': '169', 'Etag': 'W/"a9-pLno4M4jARCCH8k0BsLT0ALMqUE"', 'Date': 'Mon, 14 Apr 2025 15:43:05 GMT', 'Via': '1.1 vegur'} 
 body={"firstname":"John","lastname":"Smith","totalprice":111,"depositpaid":true,"bookingdates":{"checkin":"2018-01-01","checkout":"2019-01-01"},"additionalneeds":"Breakfast"} 
 </msg>
<msg time="2025-04-14T18:42:53.731674" level="INFO">${response} = &lt;Response [200]&gt;</msg>
<var>${response}</var>
<arg>https://restful-booker.herokuapp.com/booking/${booking}[bookingid]</arg>
<doc>Sends a GET request.</doc>
<status status="PASS" start="2025-04-14T18:42:53.206325" elapsed="0.525374"/>
</kw>
<try>
<branch type="TRY">
<kw name="Log" owner="BuiltIn">
<msg time="2025-04-14T18:42:53.732206" level="INFO">{'firstname': 'John', 'lastname': 'Smith', 'totalprice': 111, 'depositpaid': True, 'bookingdates': {'checkin': '2018-01-01', 'checkout': '2019-01-01'}, 'additionalneeds': 'Breakfast'}</msg>
<arg>${response.json()}</arg>
<doc>Logs the given message with the given level.</doc>
<status status="PASS" start="2025-04-14T18:42:53.731873" elapsed="0.000369"/>
</kw>
<status status="PASS" start="2025-04-14T18:42:53.731791" elapsed="0.000479"/>
</branch>
<branch type="EXCEPT">
<kw name="Log" owner="BuiltIn">
<arg>Cannot retrieve JSON due to invalid data</arg>
<doc>Logs the given message with the given level.</doc>
<status status="NOT RUN" start="2025-04-14T18:42:53.732359" elapsed="0.000015"/>
</kw>
<status status="NOT RUN" start="2025-04-14T18:42:53.732300" elapsed="0.000098"/>
</branch>
<status status="PASS" start="2025-04-14T18:42:53.731759" elapsed="0.000660"/>
</try>
<var name="${booking}">{'bookingid': 21}</var>
<status status="PASS" start="2025-04-14T18:42:53.206273" elapsed="0.526166"/>
</iter>
<iter>
<kw name="GET" owner="RequestsLibrary">
<msg time="2025-04-14T18:42:54.266353" level="INFO">GET Request : url=https://restful-booker.herokuapp.com/booking/708 
 path_url=/booking/708 
 headers={'User-Agent': 'python-requests/2.32.3', 'Accept-Encoding': 'gzip, deflate', 'Accept': '*/*', 'Connection': 'keep-alive'} 
 body=None 
 </msg>
<msg time="2025-04-14T18:42:54.266424" level="INFO">GET Response : url=https://restful-booker.herokuapp.com/booking/708 
 status=200, reason=OK 
 headers={'Server': 'Cowboy', 'Report-To': '{"group":"heroku-nel","max_age":3600,"endpoints":[{"url":"https://nel.heroku.com/reports?ts=1744645385&amp;sid=c46efe9b-d3d2-4a0c-8c76-bfafa16c5add&amp;s=kwLcPvacznSUMvILQ4xQOXQEKt2ywnYdGmCPNkxNWIk%3D"}]}', 'Reporting-Endpoints': 'heroku-nel=https://nel.heroku.com/reports?ts=1744645385&amp;sid=c46efe9b-d3d2-4a0c-8c76-bfafa16c5add&amp;s=kwLcPvacznSUMvILQ4xQOXQEKt2ywnYdGmCPNkxNWIk%3D', 'Nel': '{"report_to":"heroku-nel","max_age":3600,"success_fraction":0.005,"failure_fraction":0.05,"response_headers":["Via"]}', 'Connection': 'keep-alive', 'X-Powered-By': 'Express', 'Content-Type': 'application/json; charset=utf-8', 'Content-Length': '169', 'Etag': 'W/"a9-pLno4M4jARCCH8k0BsLT0ALMqUE"', 'Date': 'Mon, 14 Apr 2025 15:43:05 GMT', 'Via': '1.1 vegur'} 
 body={"firstname":"John","lastname":"Smith","totalprice":111,"depositpaid":true,"bookingdates":{"checkin":"2018-01-01","checkout":"2019-01-01"},"additionalneeds":"Breakfast"} 
 </msg>
<msg time="2025-04-14T18:42:54.266633" level="INFO">${response} = &lt;Response [200]&gt;</msg>
<var>${response}</var>
<arg>https://restful-booker.herokuapp.com/booking/${booking}[bookingid]</arg>
<doc>Sends a GET request.</doc>
<status status="PASS" start="2025-04-14T18:42:53.732604" elapsed="0.534054"/>
</kw>
<try>
<branch type="TRY">
<kw name="Log" owner="BuiltIn">
<msg time="2025-04-14T18:42:54.267164" level="INFO">{'firstname': 'John', 'lastname': 'Smith', 'totalprice': 111, 'depositpaid': True, 'bookingdates': {'checkin': '2018-01-01', 'checkout': '2019-01-01'}, 'additionalneeds': 'Breakfast'}</msg>
<arg>${response.json()}</arg>
<doc>Logs the given message with the given level.</doc>
<status status="PASS" start="2025-04-14T18:42:54.266830" elapsed="0.000369"/>
</kw>
<status status="PASS" start="2025-04-14T18:42:54.266749" elapsed="0.000477"/>
</branch>
<branch type="EXCEPT">
<kw name="Log" owner="BuiltIn">
<arg>Cannot retrieve JSON due to invalid data</arg>
<doc>Logs the given message with the given level.</doc>
<status status="NOT RUN" start="2025-04-14T18:42:54.267315" elapsed="0.000015"/>
</kw>
<status status="NOT RUN" start="2025-04-14T18:42:54.267257" elapsed="0.000097"/>
</branch>
<status status="PASS" start="2025-04-14T18:42:54.266718" elapsed="0.000657"/>
</try>
<var name="${booking}">{'bookingid': 708}</var>
<status status="PASS" start="2025-04-14T18:42:53.732550" elapsed="0.534846"/>
</iter>
<iter>
<kw name="GET" owner="RequestsLibrary">
<msg time="2025-04-14T18:42:54.801210" level="INFO">GET Request : url=https://restful-booker.herokuapp.com/booking/539 
 path_url=/booking/539 
 headers={'User-Agent': 'python-requests/2.32.3', 'Accept-Encoding': 'gzip, deflate', 'Accept': '*/*', 'Connection': 'keep-alive'} 
 body=None 
 </msg>
<msg time="2025-04-14T18:42:54.801283" level="INFO">GET Response : url=https://restful-booker.herokuapp.com/booking/539 
 status=200, reason=OK 
 headers={'Server': 'Cowboy', 'Report-To': '{"group":"heroku-nel","max_age":3600,"endpoints":[{"url":"https://nel.heroku.com/reports?ts=1744645386&amp;sid=c46efe9b-d3d2-4a0c-8c76-bfafa16c5add&amp;s=vru3EHwHpYQCaLLBVizWFz8PvHQyTToxwQrj3dRODm4%3D"}]}', 'Reporting-Endpoints': 'heroku-nel=https://nel.heroku.com/reports?ts=1744645386&amp;sid=c46efe9b-d3d2-4a0c-8c76-bfafa16c5add&amp;s=vru3EHwHpYQCaLLBVizWFz8PvHQyTToxwQrj3dRODm4%3D', 'Nel': '{"report_to":"heroku-nel","max_age":3600,"success_fraction":0.005,"failure_fraction":0.05,"response_headers":["Via"]}', 'Connection': 'keep-alive', 'X-Powered-By': 'Express', 'Content-Type': 'application/json; charset=utf-8', 'Content-Length': '169', 'Etag': 'W/"a9-pLno4M4jARCCH8k0BsLT0ALMqUE"', 'Date': 'Mon, 14 Apr 2025 15:43:06 GMT', 'Via': '1.1 vegur'} 
 body={"firstname":"John","lastname":"Smith","totalprice":111,"depositpaid":true,"bookingdates":{"checkin":"2018-01-01","checkout":"2019-01-01"},"additionalneeds":"Breakfast"} 
 </msg>
<msg time="2025-04-14T18:42:54.801606" level="INFO">${response} = &lt;Response [200]&gt;</msg>
<var>${response}</var>
<arg>https://restful-booker.herokuapp.com/booking/${booking}[bookingid]</arg>
<doc>Sends a GET request.</doc>
<status status="PASS" start="2025-04-14T18:42:54.267561" elapsed="0.534070"/>
</kw>
<try>
<branch type="TRY">
<kw name="Log" owner="BuiltIn">
<msg time="2025-04-14T18:42:54.802145" level="INFO">{'firstname': 'John', 'lastname': 'Smith', 'totalprice': 111, 'depositpaid': True, 'bookingdates': {'checkin': '2018-01-01', 'checkout': '2019-01-01'}, 'additionalneeds': 'Breakfast'}</msg>
<arg>${response.json()}</arg>
<doc>Logs the given message with the given level.</doc>
<status status="PASS" start="2025-04-14T18:42:54.801807" elapsed="0.000374"/>
</kw>
<status status="PASS" start="2025-04-14T18:42:54.801724" elapsed="0.000484"/>
</branch>
<branch type="EXCEPT">
<kw name="Log" owner="BuiltIn">
<arg>Cannot retrieve JSON due to invalid data</arg>
<doc>Logs the given message with the given level.</doc>
<status status="NOT RUN" start="2025-04-14T18:42:54.802297" elapsed="0.000015"/>
</kw>
<status status="NOT RUN" start="2025-04-14T18:42:54.802240" elapsed="0.000096"/>
</branch>
<status status="PASS" start="2025-04-14T18:42:54.801693" elapsed="0.000666"/>
</try>
<var name="${booking}">{'bookingid': 539}</var>
<status status="PASS" start="2025-04-14T18:42:54.267509" elapsed="0.534870"/>
</iter>
<iter>
<kw name="GET" owner="RequestsLibrary">
<msg time="2025-04-14T18:42:55.331070" level="INFO">GET Request : url=https://restful-booker.herokuapp.com/booking/525 
 path_url=/booking/525 
 headers={'User-Agent': 'python-requests/2.32.3', 'Accept-Encoding': 'gzip, deflate', 'Accept': '*/*', 'Connection': 'keep-alive'} 
 body=None 
 </msg>
<msg time="2025-04-14T18:42:55.331140" level="INFO">GET Response : url=https://restful-booker.herokuapp.com/booking/525 
 status=200, reason=OK 
 headers={'Server': 'Cowboy', 'Report-To': '{"group":"heroku-nel","max_age":3600,"endpoints":[{"url":"https://nel.heroku.com/reports?ts=1744645386&amp;sid=c46efe9b-d3d2-4a0c-8c76-bfafa16c5add&amp;s=vru3EHwHpYQCaLLBVizWFz8PvHQyTToxwQrj3dRODm4%3D"}]}', 'Reporting-Endpoints': 'heroku-nel=https://nel.heroku.com/reports?ts=1744645386&amp;sid=c46efe9b-d3d2-4a0c-8c76-bfafa16c5add&amp;s=vru3EHwHpYQCaLLBVizWFz8PvHQyTToxwQrj3dRODm4%3D', 'Nel': '{"report_to":"heroku-nel","max_age":3600,"success_fraction":0.005,"failure_fraction":0.05,"response_headers":["Via"]}', 'Connection': 'keep-alive', 'X-Powered-By': 'Express', 'Content-Type': 'application/json; charset=utf-8', 'Content-Length': '169', 'Etag': 'W/"a9-pLno4M4jARCCH8k0BsLT0ALMqUE"', 'Date': 'Mon, 14 Apr 2025 15:43:06 GMT', 'Via': '1.1 vegur'} 
 body={"firstname":"John","lastname":"Smith","totalprice":111,"depositpaid":true,"bookingdates":{"checkin":"2018-01-01","checkout":"2019-01-01"},"additionalneeds":"Breakfast"} 
 </msg>
<msg time="2025-04-14T18:42:55.331352" level="INFO">${response} = &lt;Response [200]&gt;</msg>
<var>${response}</var>
<arg>https://restful-booker.herokuapp.com/booking/${booking}[bookingid]</arg>
<doc>Sends a GET request.</doc>
<status status="PASS" start="2025-04-14T18:42:54.802543" elapsed="0.528833"/>
</kw>
<try>
<branch type="TRY">
<kw name="Log" owner="BuiltIn">
<msg time="2025-04-14T18:42:55.331883" level="INFO">{'firstname': 'John', 'lastname': 'Smith', 'totalprice': 111, 'depositpaid': True, 'bookingdates': {'checkin': '2018-01-01', 'checkout': '2019-01-01'}, 'additionalneeds': 'Breakfast'}</msg>
<arg>${response.json()}</arg>
<doc>Logs the given message with the given level.</doc>
<status status="PASS" start="2025-04-14T18:42:55.331551" elapsed="0.000366"/>
</kw>
<status status="PASS" start="2025-04-14T18:42:55.331469" elapsed="0.000475"/>
</branch>
<branch type="EXCEPT">
<kw name="Log" owner="BuiltIn">
<arg>Cannot retrieve JSON due to invalid data</arg>
<doc>Logs the given message with the given level.</doc>
<status status="NOT RUN" start="2025-04-14T18:42:55.332037" elapsed="0.000016"/>
</kw>
<status status="NOT RUN" start="2025-04-14T18:42:55.331978" elapsed="0.000100"/>
</branch>
<status status="PASS" start="2025-04-14T18:42:55.331438" elapsed="0.000660"/>
</try>
<var name="${booking}">{'bookingid': 525}</var>
<status status="PASS" start="2025-04-14T18:42:54.802491" elapsed="0.529627"/>
</iter>
<iter>
<kw name="GET" owner="RequestsLibrary">
<msg time="2025-04-14T18:42:55.858479" level="INFO">GET Request : url=https://restful-booker.herokuapp.com/booking/635 
 path_url=/booking/635 
 headers={'User-Agent': 'python-requests/2.32.3', 'Accept-Encoding': 'gzip, deflate', 'Accept': '*/*', 'Connection': 'keep-alive'} 
 body=None 
 </msg>
<msg time="2025-04-14T18:42:55.858550" level="INFO">GET Response : url=https://restful-booker.herokuapp.com/booking/635 
 status=200, reason=OK 
 headers={'Server': 'Cowboy', 'Report-To': '{"group":"heroku-nel","max_age":3600,"endpoints":[{"url":"https://nel.heroku.com/reports?ts=1744645387&amp;sid=c46efe9b-d3d2-4a0c-8c76-bfafa16c5add&amp;s=IQCa2POQ35eGX9J%2FQGYJNtpG9Z13WDMWEvPPHoLQpMI%3D"}]}', 'Reporting-Endpoints': 'heroku-nel=https://nel.heroku.com/reports?ts=1744645387&amp;sid=c46efe9b-d3d2-4a0c-8c76-bfafa16c5add&amp;s=IQCa2POQ35eGX9J%2FQGYJNtpG9Z13WDMWEvPPHoLQpMI%3D', 'Nel': '{"report_to":"heroku-nel","max_age":3600,"success_fraction":0.005,"failure_fraction":0.05,"response_headers":["Via"]}', 'Connection': 'keep-alive', 'X-Powered-By': 'Express', 'Content-Type': 'application/json; charset=utf-8', 'Content-Length': '169', 'Etag': 'W/"a9-pLno4M4jARCCH8k0BsLT0ALMqUE"', 'Date': 'Mon, 14 Apr 2025 15:43:07 GMT', 'Via': '1.1 vegur'} 
 body={"firstname":"John","lastname":"Smith","totalprice":111,"depositpaid":true,"bookingdates":{"checkin":"2018-01-01","checkout":"2019-01-01"},"additionalneeds":"Breakfast"} 
 </msg>
<msg time="2025-04-14T18:42:55.858759" level="INFO">${response} = &lt;Response [200]&gt;</msg>
<var>${response}</var>
<arg>https://restful-booker.herokuapp.com/booking/${booking}[bookingid]</arg>
<doc>Sends a GET request.</doc>
<status status="PASS" start="2025-04-14T18:42:55.332280" elapsed="0.526504"/>
</kw>
<try>
<branch type="TRY">
<kw name="Log" owner="BuiltIn">
<msg time="2025-04-14T18:42:55.859288" level="INFO">{'firstname': 'John', 'lastname': 'Smith', 'totalprice': 111, 'depositpaid': True, 'bookingdates': {'checkin': '2018-01-01', 'checkout': '2019-01-01'}, 'additionalneeds': 'Breakfast'}</msg>
<arg>${response.json()}</arg>
<doc>Logs the given message with the given level.</doc>
<status status="PASS" start="2025-04-14T18:42:55.858953" elapsed="0.000370"/>
</kw>
<status status="PASS" start="2025-04-14T18:42:55.858875" elapsed="0.000476"/>
</branch>
<branch type="EXCEPT">
<kw name="Log" owner="BuiltIn">
<arg>Cannot retrieve JSON due to invalid data</arg>
<doc>Logs the given message with the given level.</doc>
<status status="NOT RUN" start="2025-04-14T18:42:55.859451" elapsed="0.000015"/>
</kw>
<status status="NOT RUN" start="2025-04-14T18:42:55.859381" elapsed="0.000110"/>
</branch>
<status status="PASS" start="2025-04-14T18:42:55.858845" elapsed="0.000666"/>
</try>
<var name="${booking}">{'bookingid': 635}</var>
<status status="PASS" start="2025-04-14T18:42:55.332228" elapsed="0.527303"/>
</iter>
<iter>
<kw name="GET" owner="RequestsLibrary">
<msg time="2025-04-14T18:42:56.386701" level="INFO">GET Request : url=https://restful-booker.herokuapp.com/booking/381 
 path_url=/booking/381 
 headers={'User-Agent': 'python-requests/2.32.3', 'Accept-Encoding': 'gzip, deflate', 'Accept': '*/*', 'Connection': 'keep-alive'} 
 body=None 
 </msg>
<msg time="2025-04-14T18:42:56.386770" level="INFO">GET Response : url=https://restful-booker.herokuapp.com/booking/381 
 status=200, reason=OK 
 headers={'Server': 'Cowboy', 'Report-To': '{"group":"heroku-nel","max_age":3600,"endpoints":[{"url":"https://nel.heroku.com/reports?ts=1744645387&amp;sid=c46efe9b-d3d2-4a0c-8c76-bfafa16c5add&amp;s=IQCa2POQ35eGX9J%2FQGYJNtpG9Z13WDMWEvPPHoLQpMI%3D"}]}', 'Reporting-Endpoints': 'heroku-nel=https://nel.heroku.com/reports?ts=1744645387&amp;sid=c46efe9b-d3d2-4a0c-8c76-bfafa16c5add&amp;s=IQCa2POQ35eGX9J%2FQGYJNtpG9Z13WDMWEvPPHoLQpMI%3D', 'Nel': '{"report_to":"heroku-nel","max_age":3600,"success_fraction":0.005,"failure_fraction":0.05,"response_headers":["Via"]}', 'Connection': 'keep-alive', 'X-Powered-By': 'Express', 'Content-Type': 'application/json; charset=utf-8', 'Content-Length': '169', 'Etag': 'W/"a9-pLno4M4jARCCH8k0BsLT0ALMqUE"', 'Date': 'Mon, 14 Apr 2025 15:43:07 GMT', 'Via': '1.1 vegur'} 
 body={"firstname":"John","lastname":"Smith","totalprice":111,"depositpaid":true,"bookingdates":{"checkin":"2018-01-01","checkout":"2019-01-01"},"additionalneeds":"Breakfast"} 
 </msg>
<msg time="2025-04-14T18:42:56.387014" level="INFO">${response} = &lt;Response [200]&gt;</msg>
<var>${response}</var>
<arg>https://restful-booker.herokuapp.com/booking/${booking}[bookingid]</arg>
<doc>Sends a GET request.</doc>
<status status="PASS" start="2025-04-14T18:42:55.859697" elapsed="0.527341"/>
</kw>
<try>
<branch type="TRY">
<kw name="Log" owner="BuiltIn">
<msg time="2025-04-14T18:42:56.387546" level="INFO">{'firstname': 'John', 'lastname': 'Smith', 'totalprice': 111, 'depositpaid': True, 'bookingdates': {'checkin': '2018-01-01', 'checkout': '2019-01-01'}, 'additionalneeds': 'Breakfast'}</msg>
<arg>${response.json()}</arg>
<doc>Logs the given message with the given level.</doc>
<status status="PASS" start="2025-04-14T18:42:56.387208" elapsed="0.000373"/>
</kw>
<status status="PASS" start="2025-04-14T18:42:56.387128" elapsed="0.000481"/>
</branch>
<branch type="EXCEPT">
<kw name="Log" owner="BuiltIn">
<arg>Cannot retrieve JSON due to invalid data</arg>
<doc>Logs the given message with the given level.</doc>
<status status="NOT RUN" start="2025-04-14T18:42:56.387698" elapsed="0.000015"/>
</kw>
<status status="NOT RUN" start="2025-04-14T18:42:56.387641" elapsed="0.000096"/>
</branch>
<status status="PASS" start="2025-04-14T18:42:56.387098" elapsed="0.000661"/>
</try>
<var name="${booking}">{'bookingid': 381}</var>
<status status="PASS" start="2025-04-14T18:42:55.859640" elapsed="0.528138"/>
</iter>
<iter>
<kw name="GET" owner="RequestsLibrary">
<msg time="2025-04-14T18:42:56.910573" level="INFO">GET Request : url=https://restful-booker.herokuapp.com/booking/33 
 path_url=/booking/33 
 headers={'User-Agent': 'python-requests/2.32.3', 'Accept-Encoding': 'gzip, deflate', 'Accept': '*/*', 'Connection': 'keep-alive'} 
 body=None 
 </msg>
<msg time="2025-04-14T18:42:56.910644" level="INFO">GET Response : url=https://restful-booker.herokuapp.com/booking/33 
 status=200, reason=OK 
 headers={'Server': 'Cowboy', 'Report-To': '{"group":"heroku-nel","max_age":3600,"endpoints":[{"url":"https://nel.heroku.com/reports?ts=1744645388&amp;sid=c46efe9b-d3d2-4a0c-8c76-bfafa16c5add&amp;s=y2ojg9JJFjWyP3ykTXnwVT%2B3I1f11ASaeJYKimqpDeQ%3D"}]}', 'Reporting-Endpoints': 'heroku-nel=https://nel.heroku.com/reports?ts=1744645388&amp;sid=c46efe9b-d3d2-4a0c-8c76-bfafa16c5add&amp;s=y2ojg9JJFjWyP3ykTXnwVT%2B3I1f11ASaeJYKimqpDeQ%3D', 'Nel': '{"report_to":"heroku-nel","max_age":3600,"success_fraction":0.005,"failure_fraction":0.05,"response_headers":["Via"]}', 'Connection': 'keep-alive', 'X-Powered-By': 'Express', 'Content-Type': 'application/json; charset=utf-8', 'Content-Length': '169', 'Etag': 'W/"a9-pLno4M4jARCCH8k0BsLT0ALMqUE"', 'Date': 'Mon, 14 Apr 2025 15:43:08 GMT', 'Via': '1.1 vegur'} 
 body={"firstname":"John","lastname":"Smith","totalprice":111,"depositpaid":true,"bookingdates":{"checkin":"2018-01-01","checkout":"2019-01-01"},"additionalneeds":"Breakfast"} 
 </msg>
<msg time="2025-04-14T18:42:56.910852" level="INFO">${response} = &lt;Response [200]&gt;</msg>
<var>${response}</var>
<arg>https://restful-booker.herokuapp.com/booking/${booking}[bookingid]</arg>
<doc>Sends a GET request.</doc>
<status status="PASS" start="2025-04-14T18:42:56.387940" elapsed="0.522937"/>
</kw>
<try>
<branch type="TRY">
<kw name="Log" owner="BuiltIn">
<msg time="2025-04-14T18:42:56.911380" level="INFO">{'firstname': 'John', 'lastname': 'Smith', 'totalprice': 111, 'depositpaid': True, 'bookingdates': {'checkin': '2018-01-01', 'checkout': '2019-01-01'}, 'additionalneeds': 'Breakfast'}</msg>
<arg>${response.json()}</arg>
<doc>Logs the given message with the given level.</doc>
<status status="PASS" start="2025-04-14T18:42:56.911047" elapsed="0.000370"/>
</kw>
<status status="PASS" start="2025-04-14T18:42:56.910968" elapsed="0.000477"/>
</branch>
<branch type="EXCEPT">
<kw name="Log" owner="BuiltIn">
<arg>Cannot retrieve JSON due to invalid data</arg>
<doc>Logs the given message with the given level.</doc>
<status status="NOT RUN" start="2025-04-14T18:42:56.911530" elapsed="0.000014"/>
</kw>
<status status="NOT RUN" start="2025-04-14T18:42:56.911474" elapsed="0.000095"/>
</branch>
<status status="PASS" start="2025-04-14T18:42:56.910938" elapsed="0.000651"/>
</try>
<var name="${booking}">{'bookingid': 33}</var>
<status status="PASS" start="2025-04-14T18:42:56.387889" elapsed="0.523720"/>
</iter>
<iter>
<kw name="GET" owner="RequestsLibrary">
<msg time="2025-04-14T18:42:57.436442" level="INFO">GET Request : url=https://restful-booker.herokuapp.com/booking/605 
 path_url=/booking/605 
 headers={'User-Agent': 'python-requests/2.32.3', 'Accept-Encoding': 'gzip, deflate', 'Accept': '*/*', 'Connection': 'keep-alive'} 
 body=None 
 </msg>
<msg time="2025-04-14T18:42:57.436513" level="INFO">GET Response : url=https://restful-booker.herokuapp.com/booking/605 
 status=200, reason=OK 
 headers={'Server': 'Cowboy', 'Report-To': '{"group":"heroku-nel","max_age":3600,"endpoints":[{"url":"https://nel.heroku.com/reports?ts=1744645388&amp;sid=c46efe9b-d3d2-4a0c-8c76-bfafa16c5add&amp;s=y2ojg9JJFjWyP3ykTXnwVT%2B3I1f11ASaeJYKimqpDeQ%3D"}]}', 'Reporting-Endpoints': 'heroku-nel=https://nel.heroku.com/reports?ts=1744645388&amp;sid=c46efe9b-d3d2-4a0c-8c76-bfafa16c5add&amp;s=y2ojg9JJFjWyP3ykTXnwVT%2B3I1f11ASaeJYKimqpDeQ%3D', 'Nel': '{"report_to":"heroku-nel","max_age":3600,"success_fraction":0.005,"failure_fraction":0.05,"response_headers":["Via"]}', 'Connection': 'keep-alive', 'X-Powered-By': 'Express', 'Content-Type': 'application/json; charset=utf-8', 'Content-Length': '169', 'Etag': 'W/"a9-pLno4M4jARCCH8k0BsLT0ALMqUE"', 'Date': 'Mon, 14 Apr 2025 15:43:08 GMT', 'Via': '1.1 vegur'} 
 body={"firstname":"John","lastname":"Smith","totalprice":111,"depositpaid":true,"bookingdates":{"checkin":"2018-01-01","checkout":"2019-01-01"},"additionalneeds":"Breakfast"} 
 </msg>
<msg time="2025-04-14T18:42:57.436715" level="INFO">${response} = &lt;Response [200]&gt;</msg>
<var>${response}</var>
<arg>https://restful-booker.herokuapp.com/booking/${booking}[bookingid]</arg>
<doc>Sends a GET request.</doc>
<status status="PASS" start="2025-04-14T18:42:56.911771" elapsed="0.524968"/>
</kw>
<try>
<branch type="TRY">
<kw name="Log" owner="BuiltIn">
<msg time="2025-04-14T18:42:57.437248" level="INFO">{'firstname': 'John', 'lastname': 'Smith', 'totalprice': 111, 'depositpaid': True, 'bookingdates': {'checkin': '2018-01-01', 'checkout': '2019-01-01'}, 'additionalneeds': 'Breakfast'}</msg>
<arg>${response.json()}</arg>
<doc>Logs the given message with the given level.</doc>
<status status="PASS" start="2025-04-14T18:42:57.436911" elapsed="0.000372"/>
</kw>
<status status="PASS" start="2025-04-14T18:42:57.436831" elapsed="0.000480"/>
</branch>
<branch type="EXCEPT">
<kw name="Log" owner="BuiltIn">
<arg>Cannot retrieve JSON due to invalid data</arg>
<doc>Logs the given message with the given level.</doc>
<status status="NOT RUN" start="2025-04-14T18:42:57.437398" elapsed="0.000015"/>
</kw>
<status status="NOT RUN" start="2025-04-14T18:42:57.437341" elapsed="0.000098"/>
</branch>
<status status="PASS" start="2025-04-14T18:42:57.436800" elapsed="0.000659"/>
</try>
<var name="${booking}">{'bookingid': 605}</var>
<status status="PASS" start="2025-04-14T18:42:56.911719" elapsed="0.525759"/>
</iter>
<iter>
<kw name="GET" owner="RequestsLibrary">
<msg time="2025-04-14T18:42:57.960459" level="INFO">GET Request : url=https://restful-booker.herokuapp.com/booking/201 
 path_url=/booking/201 
 headers={'User-Agent': 'python-requests/2.32.3', 'Accept-Encoding': 'gzip, deflate', 'Accept': '*/*', 'Connection': 'keep-alive'} 
 body=None 
 </msg>
<msg time="2025-04-14T18:42:57.960532" level="INFO">GET Response : url=https://restful-booker.herokuapp.com/booking/201 
 status=200, reason=OK 
 headers={'Server': 'Cowboy', 'Report-To': '{"group":"heroku-nel","max_age":3600,"endpoints":[{"url":"https://nel.heroku.com/reports?ts=1744645389&amp;sid=c46efe9b-d3d2-4a0c-8c76-bfafa16c5add&amp;s=0e9piSMKzbMY9JtFcuFlB%2FH1ZU0uFUghLdzequ9TPtc%3D"}]}', 'Reporting-Endpoints': 'heroku-nel=https://nel.heroku.com/reports?ts=1744645389&amp;sid=c46efe9b-d3d2-4a0c-8c76-bfafa16c5add&amp;s=0e9piSMKzbMY9JtFcuFlB%2FH1ZU0uFUghLdzequ9TPtc%3D', 'Nel': '{"report_to":"heroku-nel","max_age":3600,"success_fraction":0.005,"failure_fraction":0.05,"response_headers":["Via"]}', 'Connection': 'keep-alive', 'X-Powered-By': 'Express', 'Content-Type': 'application/json; charset=utf-8', 'Content-Length': '169', 'Etag': 'W/"a9-pLno4M4jARCCH8k0BsLT0ALMqUE"', 'Date': 'Mon, 14 Apr 2025 15:43:09 GMT', 'Via': '1.1 vegur'} 
 body={"firstname":"John","lastname":"Smith","totalprice":111,"depositpaid":true,"bookingdates":{"checkin":"2018-01-01","checkout":"2019-01-01"},"additionalneeds":"Breakfast"} 
 </msg>
<msg time="2025-04-14T18:42:57.960775" level="INFO">${response} = &lt;Response [200]&gt;</msg>
<var>${response}</var>
<arg>https://restful-booker.herokuapp.com/booking/${booking}[bookingid]</arg>
<doc>Sends a GET request.</doc>
<status status="PASS" start="2025-04-14T18:42:57.437640" elapsed="0.523160"/>
</kw>
<try>
<branch type="TRY">
<kw name="Log" owner="BuiltIn">
<msg time="2025-04-14T18:42:57.961300" level="INFO">{'firstname': 'John', 'lastname': 'Smith', 'totalprice': 111, 'depositpaid': True, 'bookingdates': {'checkin': '2018-01-01', 'checkout': '2019-01-01'}, 'additionalneeds': 'Breakfast'}</msg>
<arg>${response.json()}</arg>
<doc>Logs the given message with the given level.</doc>
<status status="PASS" start="2025-04-14T18:42:57.960969" elapsed="0.000365"/>
</kw>
<status status="PASS" start="2025-04-14T18:42:57.960891" elapsed="0.000471"/>
</branch>
<branch type="EXCEPT">
<kw name="Log" owner="BuiltIn">
<arg>Cannot retrieve JSON due to invalid data</arg>
<doc>Logs the given message with the given level.</doc>
<status status="NOT RUN" start="2025-04-14T18:42:57.961452" elapsed="0.000015"/>
</kw>
<status status="NOT RUN" start="2025-04-14T18:42:57.961392" elapsed="0.000100"/>
</branch>
<status status="PASS" start="2025-04-14T18:42:57.960861" elapsed="0.000652"/>
</try>
<var name="${booking}">{'bookingid': 201}</var>
<status status="PASS" start="2025-04-14T18:42:57.437588" elapsed="0.523944"/>
</iter>
<iter>
<kw name="GET" owner="RequestsLibrary">
<msg time="2025-04-14T18:42:58.472637" level="INFO">GET Request : url=https://restful-booker.herokuapp.com/booking/88 
 path_url=/booking/88 
 headers={'User-Agent': 'python-requests/2.32.3', 'Accept-Encoding': 'gzip, deflate', 'Accept': '*/*', 'Connection': 'keep-alive'} 
 body=None 
 </msg>
<msg time="2025-04-14T18:42:58.472711" level="INFO">GET Response : url=https://restful-booker.herokuapp.com/booking/88 
 status=200, reason=OK 
 headers={'Server': 'Cowboy', 'Report-To': '{"group":"heroku-nel","max_age":3600,"endpoints":[{"url":"https://nel.heroku.com/reports?ts=1744645389&amp;sid=c46efe9b-d3d2-4a0c-8c76-bfafa16c5add&amp;s=0e9piSMKzbMY9JtFcuFlB%2FH1ZU0uFUghLdzequ9TPtc%3D"}]}', 'Reporting-Endpoints': 'heroku-nel=https://nel.heroku.com/reports?ts=1744645389&amp;sid=c46efe9b-d3d2-4a0c-8c76-bfafa16c5add&amp;s=0e9piSMKzbMY9JtFcuFlB%2FH1ZU0uFUghLdzequ9TPtc%3D', 'Nel': '{"report_to":"heroku-nel","max_age":3600,"success_fraction":0.005,"failure_fraction":0.05,"response_headers":["Via"]}', 'Connection': 'keep-alive', 'X-Powered-By': 'Express', 'Content-Type': 'application/json; charset=utf-8', 'Content-Length': '169', 'Etag': 'W/"a9-pLno4M4jARCCH8k0BsLT0ALMqUE"', 'Date': 'Mon, 14 Apr 2025 15:43:09 GMT', 'Via': '1.1 vegur'} 
 body={"firstname":"John","lastname":"Smith","totalprice":111,"depositpaid":true,"bookingdates":{"checkin":"2018-01-01","checkout":"2019-01-01"},"additionalneeds":"Breakfast"} 
 </msg>
<msg time="2025-04-14T18:42:58.472929" level="INFO">${response} = &lt;Response [200]&gt;</msg>
<var>${response}</var>
<arg>https://restful-booker.herokuapp.com/booking/${booking}[bookingid]</arg>
<doc>Sends a GET request.</doc>
<status status="PASS" start="2025-04-14T18:42:57.961692" elapsed="0.511263"/>
</kw>
<try>
<branch type="TRY">
<kw name="Log" owner="BuiltIn">
<msg time="2025-04-14T18:42:58.473459" level="INFO">{'firstname': 'John', 'lastname': 'Smith', 'totalprice': 111, 'depositpaid': True, 'bookingdates': {'checkin': '2018-01-01', 'checkout': '2019-01-01'}, 'additionalneeds': 'Breakfast'}</msg>
<arg>${response.json()}</arg>
<doc>Logs the given message with the given level.</doc>
<status status="PASS" start="2025-04-14T18:42:58.473126" elapsed="0.000370"/>
</kw>
<status status="PASS" start="2025-04-14T18:42:58.473044" elapsed="0.000481"/>
</branch>
<branch type="EXCEPT">
<kw name="Log" owner="BuiltIn">
<arg>Cannot retrieve JSON due to invalid data</arg>
<doc>Logs the given message with the given level.</doc>
<status status="NOT RUN" start="2025-04-14T18:42:58.473611" elapsed="0.000015"/>
</kw>
<status status="NOT RUN" start="2025-04-14T18:42:58.473556" elapsed="0.000095"/>
</branch>
<status status="PASS" start="2025-04-14T18:42:58.473014" elapsed="0.000658"/>
</try>
<var name="${booking}">{'bookingid': 88}</var>
<status status="PASS" start="2025-04-14T18:42:57.961642" elapsed="0.512049"/>
</iter>
<iter>
<kw name="GET" owner="RequestsLibrary">
<msg time="2025-04-14T18:42:59.004061" level="INFO">GET Request : url=https://restful-booker.herokuapp.com/booking/176 
 path_url=/booking/176 
 headers={'User-Agent': 'python-requests/2.32.3', 'Accept-Encoding': 'gzip, deflate', 'Accept': '*/*', 'Connection': 'keep-alive'} 
 body=None 
 </msg>
<msg time="2025-04-14T18:42:59.004133" level="INFO">GET Response : url=https://restful-booker.herokuapp.com/booking/176 
 status=200, reason=OK 
 headers={'Server': 'Cowboy', 'Report-To': '{"group":"heroku-nel","max_age":3600,"endpoints":[{"url":"https://nel.heroku.com/reports?ts=1744645390&amp;sid=c46efe9b-d3d2-4a0c-8c76-bfafa16c5add&amp;s=p8TQsunTCEF1uSCFxsZdWjL3jrw8sUgHrJPkyjbgj4g%3D"}]}', 'Reporting-Endpoints': 'heroku-nel=https://nel.heroku.com/reports?ts=1744645390&amp;sid=c46efe9b-d3d2-4a0c-8c76-bfafa16c5add&amp;s=p8TQsunTCEF1uSCFxsZdWjL3jrw8sUgHrJPkyjbgj4g%3D', 'Nel': '{"report_to":"heroku-nel","max_age":3600,"success_fraction":0.005,"failure_fraction":0.05,"response_headers":["Via"]}', 'Connection': 'keep-alive', 'X-Powered-By': 'Express', 'Content-Type': 'application/json; charset=utf-8', 'Content-Length': '169', 'Etag': 'W/"a9-pLno4M4jARCCH8k0BsLT0ALMqUE"', 'Date': 'Mon, 14 Apr 2025 15:43:10 GMT', 'Via': '1.1 vegur'} 
 body={"firstname":"John","lastname":"Smith","totalprice":111,"depositpaid":true,"bookingdates":{"checkin":"2018-01-01","checkout":"2019-01-01"},"additionalneeds":"Breakfast"} 
 </msg>
<msg time="2025-04-14T18:42:59.004342" level="INFO">${response} = &lt;Response [200]&gt;</msg>
<var>${response}</var>
<arg>https://restful-booker.herokuapp.com/booking/${booking}[bookingid]</arg>
<doc>Sends a GET request.</doc>
<status status="PASS" start="2025-04-14T18:42:58.473855" elapsed="0.530512"/>
</kw>
<try>
<branch type="TRY">
<kw name="Log" owner="BuiltIn">
<msg time="2025-04-14T18:42:59.004874" level="INFO">{'firstname': 'John', 'lastname': 'Smith', 'totalprice': 111, 'depositpaid': True, 'bookingdates': {'checkin': '2018-01-01', 'checkout': '2019-01-01'}, 'additionalneeds': 'Breakfast'}</msg>
<arg>${response.json()}</arg>
<doc>Logs the given message with the given level.</doc>
<status status="PASS" start="2025-04-14T18:42:59.004539" elapsed="0.000370"/>
</kw>
<status status="PASS" start="2025-04-14T18:42:59.004460" elapsed="0.000476"/>
</branch>
<branch type="EXCEPT">
<kw name="Log" owner="BuiltIn">
<arg>Cannot retrieve JSON due to invalid data</arg>
<doc>Logs the given message with the given level.</doc>
<status status="NOT RUN" start="2025-04-14T18:42:59.005022" elapsed="0.000014"/>
</kw>
<status status="NOT RUN" start="2025-04-14T18:42:59.004966" elapsed="0.000095"/>
</branch>
<status status="PASS" start="2025-04-14T18:42:59.004430" elapsed="0.000652"/>
</try>
<var name="${booking}">{'bookingid': 176}</var>
<status status="PASS" start="2025-04-14T18:42:58.473803" elapsed="0.531298"/>
</iter>
<iter>
<kw name="GET" owner="RequestsLibrary">
<msg time="2025-04-14T18:42:59.534504" level="INFO">GET Request : url=https://restful-booker.herokuapp.com/booking/281 
 path_url=/booking/281 
 headers={'User-Agent': 'python-requests/2.32.3', 'Accept-Encoding': 'gzip, deflate', 'Accept': '*/*', 'Connection': 'keep-alive'} 
 body=None 
 </msg>
<msg time="2025-04-14T18:42:59.534574" level="INFO">GET Response : url=https://restful-booker.herokuapp.com/booking/281 
 status=200, reason=OK 
 headers={'Server': 'Cowboy', 'Report-To': '{"group":"heroku-nel","max_age":3600,"endpoints":[{"url":"https://nel.heroku.com/reports?ts=1744645390&amp;sid=c46efe9b-d3d2-4a0c-8c76-bfafa16c5add&amp;s=p8TQsunTCEF1uSCFxsZdWjL3jrw8sUgHrJPkyjbgj4g%3D"}]}', 'Reporting-Endpoints': 'heroku-nel=https://nel.heroku.com/reports?ts=1744645390&amp;sid=c46efe9b-d3d2-4a0c-8c76-bfafa16c5add&amp;s=p8TQsunTCEF1uSCFxsZdWjL3jrw8sUgHrJPkyjbgj4g%3D', 'Nel': '{"report_to":"heroku-nel","max_age":3600,"success_fraction":0.005,"failure_fraction":0.05,"response_headers":["Via"]}', 'Connection': 'keep-alive', 'X-Powered-By': 'Express', 'Content-Type': 'application/json; charset=utf-8', 'Content-Length': '169', 'Etag': 'W/"a9-pLno4M4jARCCH8k0BsLT0ALMqUE"', 'Date': 'Mon, 14 Apr 2025 15:43:10 GMT', 'Via': '1.1 vegur'} 
 body={"firstname":"John","lastname":"Smith","totalprice":111,"depositpaid":true,"bookingdates":{"checkin":"2018-01-01","checkout":"2019-01-01"},"additionalneeds":"Breakfast"} 
 </msg>
<msg time="2025-04-14T18:42:59.534816" level="INFO">${response} = &lt;Response [200]&gt;</msg>
<var>${response}</var>
<arg>https://restful-booker.herokuapp.com/booking/${booking}[bookingid]</arg>
<doc>Sends a GET request.</doc>
<status status="PASS" start="2025-04-14T18:42:59.005262" elapsed="0.529579"/>
</kw>
<try>
<branch type="TRY">
<kw name="Log" owner="BuiltIn">
<msg time="2025-04-14T18:42:59.535357" level="INFO">{'firstname': 'John', 'lastname': 'Smith', 'totalprice': 111, 'depositpaid': True, 'bookingdates': {'checkin': '2018-01-01', 'checkout': '2019-01-01'}, 'additionalneeds': 'Breakfast'}</msg>
<arg>${response.json()}</arg>
<doc>Logs the given message with the given level.</doc>
<status status="PASS" start="2025-04-14T18:42:59.535025" elapsed="0.000366"/>
</kw>
<status status="PASS" start="2025-04-14T18:42:59.534946" elapsed="0.000472"/>
</branch>
<branch type="EXCEPT">
<kw name="Log" owner="BuiltIn">
<arg>Cannot retrieve JSON due to invalid data</arg>
<doc>Logs the given message with the given level.</doc>
[...]
<doc>Logs the given message with the given level.</doc>
<status status="NOT RUN" start="2025-04-14T18:44:49.388837" elapsed="0.000015"/>
</kw>
<status status="NOT RUN" start="2025-04-14T18:44:49.388779" elapsed="0.000099"/>
</branch>
<status status="PASS" start="2025-04-14T18:44:49.388227" elapsed="0.000672"/>
</try>
<var name="${booking}">{'bookingid': 581}</var>
<status status="PASS" start="2025-04-14T18:44:48.864623" elapsed="0.524294"/>
</iter>
<iter>
<kw name="GET" owner="RequestsLibrary">
<msg time="2025-04-14T18:44:49.909595" level="INFO">GET Request : url=https://restful-booker.herokuapp.com/booking/650 
 path_url=/booking/650 
 headers={'User-Agent': 'python-requests/2.32.3', 'Accept-Encoding': 'gzip, deflate', 'Accept': '*/*', 'Connection': 'keep-alive'} 
 body=None 
 </msg>
<msg time="2025-04-14T18:44:49.909669" level="INFO">GET Response : url=https://restful-booker.herokuapp.com/booking/650 
 status=200, reason=OK 
 headers={'Server': 'Cowboy', 'Report-To': '{"group":"heroku-nel","max_age":3600,"endpoints":[{"url":"https://nel.heroku.com/reports?ts=1744645501&amp;sid=c46efe9b-d3d2-4a0c-8c76-bfafa16c5add&amp;s=fNBZtuKNrkYQsfIwlbRkct4XD3HyXIW%2BRDFn4TLRm%2Fk%3D"}]}', 'Reporting-Endpoints': 'heroku-nel=https://nel.heroku.com/reports?ts=1744645501&amp;sid=c46efe9b-d3d2-4a0c-8c76-bfafa16c5add&amp;s=fNBZtuKNrkYQsfIwlbRkct4XD3HyXIW%2BRDFn4TLRm%2Fk%3D', 'Nel': '{"report_to":"heroku-nel","max_age":3600,"success_fraction":0.005,"failure_fraction":0.05,"response_headers":["Via"]}', 'Connection': 'keep-alive', 'X-Powered-By': 'Express', 'Content-Type': 'application/json; charset=utf-8', 'Content-Length': '169', 'Etag': 'W/"a9-pLno4M4jARCCH8k0BsLT0ALMqUE"', 'Date': 'Mon, 14 Apr 2025 15:45:01 GMT', 'Via': '1.1 vegur'} 
 body={"firstname":"John","lastname":"Smith","totalprice":111,"depositpaid":true,"bookingdates":{"checkin":"2018-01-01","checkout":"2019-01-01"},"additionalneeds":"Breakfast"} 
 </msg>
<msg time="2025-04-14T18:44:49.909911" level="INFO">${response} = &lt;Response [200]&gt;</msg>
<var>${response}</var>
<arg>https://restful-booker.herokuapp.com/booking/${booking}[bookingid]</arg>
<doc>Sends a GET request.</doc>
<status status="PASS" start="2025-04-14T18:44:49.389085" elapsed="0.520851"/>
</kw>
<try>
<branch type="TRY">
<kw name="Log" owner="BuiltIn">
<msg time="2025-04-14T18:44:49.910462" level="INFO">{'firstname': 'John', 'lastname': 'Smith', 'totalprice': 111, 'depositpaid': True, 'bookingdates': {'checkin': '2018-01-01', 'checkout': '2019-01-01'}, 'additionalneeds': 'Breakfast'}</msg>
<arg>${response.json()}</arg>
<doc>Logs the given message with the given level.</doc>
<status status="PASS" start="2025-04-14T18:44:49.910112" elapsed="0.000387"/>
</kw>
<status status="PASS" start="2025-04-14T18:44:49.910030" elapsed="0.000497"/>
</branch>
<branch type="EXCEPT">
<kw name="Log" owner="BuiltIn">
<arg>Cannot retrieve JSON due to invalid data</arg>
<doc>Logs the given message with the given level.</doc>
<status status="NOT RUN" start="2025-04-14T18:44:49.910617" elapsed="0.000015"/>
</kw>
<status status="NOT RUN" start="2025-04-14T18:44:49.910560" elapsed="0.000099"/>
</branch>
<status status="PASS" start="2025-04-14T18:44:49.909998" elapsed="0.000682"/>
</try>
<var name="${booking}">{'bookingid': 650}</var>
<status status="PASS" start="2025-04-14T18:44:49.389031" elapsed="0.521668"/>
</iter>
<iter>
<kw name="GET" owner="RequestsLibrary">
<msg time="2025-04-14T18:44:50.431535" level="INFO">GET Request : url=https://restful-booker.herokuapp.com/booking/504 
 path_url=/booking/504 
 headers={'User-Agent': 'python-requests/2.32.3', 'Accept-Encoding': 'gzip, deflate', 'Accept': '*/*', 'Connection': 'keep-alive'} 
 body=None 
 </msg>
<msg time="2025-04-14T18:44:50.431610" level="INFO">GET Response : url=https://restful-booker.herokuapp.com/booking/504 
 status=200, reason=OK 
 headers={'Server': 'Cowboy', 'Report-To': '{"group":"heroku-nel","max_age":3600,"endpoints":[{"url":"https://nel.heroku.com/reports?ts=1744645501&amp;sid=c46efe9b-d3d2-4a0c-8c76-bfafa16c5add&amp;s=fNBZtuKNrkYQsfIwlbRkct4XD3HyXIW%2BRDFn4TLRm%2Fk%3D"}]}', 'Reporting-Endpoints': 'heroku-nel=https://nel.heroku.com/reports?ts=1744645501&amp;sid=c46efe9b-d3d2-4a0c-8c76-bfafa16c5add&amp;s=fNBZtuKNrkYQsfIwlbRkct4XD3HyXIW%2BRDFn4TLRm%2Fk%3D', 'Nel': '{"report_to":"heroku-nel","max_age":3600,"success_fraction":0.005,"failure_fraction":0.05,"response_headers":["Via"]}', 'Connection': 'keep-alive', 'X-Powered-By': 'Express', 'Content-Type': 'application/json; charset=utf-8', 'Content-Length': '169', 'Etag': 'W/"a9-pLno4M4jARCCH8k0BsLT0ALMqUE"', 'Date': 'Mon, 14 Apr 2025 15:45:01 GMT', 'Via': '1.1 vegur'} 
 body={"firstname":"John","lastname":"Smith","totalprice":111,"depositpaid":true,"bookingdates":{"checkin":"2018-01-01","checkout":"2019-01-01"},"additionalneeds":"Breakfast"} 
 </msg>
<msg time="2025-04-14T18:44:50.431900" level="INFO">${response} = &lt;Response [200]&gt;</msg>
<var>${response}</var>
<arg>https://restful-booker.herokuapp.com/booking/${booking}[bookingid]</arg>
<doc>Sends a GET request.</doc>
<status status="PASS" start="2025-04-14T18:44:49.910867" elapsed="0.521058"/>
</kw>
<try>
<branch type="TRY">
<kw name="Log" owner="BuiltIn">
<msg time="2025-04-14T18:44:50.432471" level="INFO">{'firstname': 'John', 'lastname': 'Smith', 'totalprice': 111, 'depositpaid': True, 'bookingdates': {'checkin': '2018-01-01', 'checkout': '2019-01-01'}, 'additionalneeds': 'Breakfast'}</msg>
<arg>${response.json()}</arg>
<doc>Logs the given message with the given level.</doc>
<status status="PASS" start="2025-04-14T18:44:50.432104" elapsed="0.000405"/>
</kw>
<status status="PASS" start="2025-04-14T18:44:50.432023" elapsed="0.000515"/>
</branch>
<branch type="EXCEPT">
<kw name="Log" owner="BuiltIn">
<arg>Cannot retrieve JSON due to invalid data</arg>
<doc>Logs the given message with the given level.</doc>
<status status="NOT RUN" start="2025-04-14T18:44:50.432630" elapsed="0.000015"/>
</kw>
<status status="NOT RUN" start="2025-04-14T18:44:50.432571" elapsed="0.000100"/>
</branch>
<status status="PASS" start="2025-04-14T18:44:50.431989" elapsed="0.000705"/>
</try>
<var name="${booking}">{'bookingid': 504}</var>
<status status="PASS" start="2025-04-14T18:44:49.910813" elapsed="0.521899"/>
</iter>
<iter>
<kw name="GET" owner="RequestsLibrary">
<msg time="2025-04-14T18:44:50.962355" level="INFO">GET Request : url=https://restful-booker.herokuapp.com/booking/616 
 path_url=/booking/616 
 headers={'User-Agent': 'python-requests/2.32.3', 'Accept-Encoding': 'gzip, deflate', 'Accept': '*/*', 'Connection': 'keep-alive'} 
 body=None 
 </msg>
<msg time="2025-04-14T18:44:50.962428" level="INFO">GET Response : url=https://restful-booker.herokuapp.com/booking/616 
 status=200, reason=OK 
 headers={'Server': 'Cowboy', 'Report-To': '{"group":"heroku-nel","max_age":3600,"endpoints":[{"url":"https://nel.heroku.com/reports?ts=1744645502&amp;sid=c46efe9b-d3d2-4a0c-8c76-bfafa16c5add&amp;s=0OGCkKMCzf45bsQjBXLZLe2Sy3mMfLw%2BsFVUJC8GW4o%3D"}]}', 'Reporting-Endpoints': 'heroku-nel=https://nel.heroku.com/reports?ts=1744645502&amp;sid=c46efe9b-d3d2-4a0c-8c76-bfafa16c5add&amp;s=0OGCkKMCzf45bsQjBXLZLe2Sy3mMfLw%2BsFVUJC8GW4o%3D', 'Nel': '{"report_to":"heroku-nel","max_age":3600,"success_fraction":0.005,"failure_fraction":0.05,"response_headers":["Via"]}', 'Connection': 'keep-alive', 'X-Powered-By': 'Express', 'Content-Type': 'application/json; charset=utf-8', 'Content-Length': '169', 'Etag': 'W/"a9-pLno4M4jARCCH8k0BsLT0ALMqUE"', 'Date': 'Mon, 14 Apr 2025 15:45:02 GMT', 'Via': '1.1 vegur'} 
 body={"firstname":"John","lastname":"Smith","totalprice":111,"depositpaid":true,"bookingdates":{"checkin":"2018-01-01","checkout":"2019-01-01"},"additionalneeds":"Breakfast"} 
 </msg>
<msg time="2025-04-14T18:44:50.962670" level="INFO">${response} = &lt;Response [200]&gt;</msg>
<var>${response}</var>
<arg>https://restful-booker.herokuapp.com/booking/${booking}[bookingid]</arg>
<doc>Sends a GET request.</doc>
<status status="PASS" start="2025-04-14T18:44:50.432882" elapsed="0.529814"/>
</kw>
<try>
<branch type="TRY">
<kw name="Log" owner="BuiltIn">
<msg time="2025-04-14T18:44:50.963218" level="INFO">{'firstname': 'John', 'lastname': 'Smith', 'totalprice': 111, 'depositpaid': True, 'bookingdates': {'checkin': '2018-01-01', 'checkout': '2019-01-01'}, 'additionalneeds': 'Breakfast'}</msg>
<arg>${response.json()}</arg>
<doc>Logs the given message with the given level.</doc>
<status status="PASS" start="2025-04-14T18:44:50.962875" elapsed="0.000379"/>
</kw>
<status status="PASS" start="2025-04-14T18:44:50.962794" elapsed="0.000489"/>
</branch>
<branch type="EXCEPT">
<kw name="Log" owner="BuiltIn">
<arg>Cannot retrieve JSON due to invalid data</arg>
<doc>Logs the given message with the given level.</doc>
<status status="NOT RUN" start="2025-04-14T18:44:50.963374" elapsed="0.000015"/>
</kw>
<status status="NOT RUN" start="2025-04-14T18:44:50.963316" elapsed="0.000099"/>
</branch>
<status status="PASS" start="2025-04-14T18:44:50.962760" elapsed="0.000676"/>
</try>
<var name="${booking}">{'bookingid': 616}</var>
<status status="PASS" start="2025-04-14T18:44:50.432828" elapsed="0.530627"/>
</iter>
<var>${booking}</var>
<value>@{response.json()}</value>
<status status="PASS" start="2025-04-14T18:42:47.896945" elapsed="123.066553"/>
</for>
<doc>Lukee kaikki varaukset palvelimelta.
Koska *Authenticate as Admin* on määritetty asetuksissa Suite Setup -parametriksi,
suoritetaan se ennen testitapauksia. Jos kirjautuminen on onnistunut, ei kirjautumista
tarvitse suorittaa erikseen jokaisessa testitapauksessa. Tässä testitapauksessa jatketaan
seuraavaksi varausten lukemista palvelimelta. Jos luku onnistuu response.status == 200 ja
testi yritää lukea jokaisen varauksen tiedot erikseen käyttäen FOR-silmukkaa.</doc>
<status status="PASS" start="2025-04-14T18:42:47.364723" elapsed="123.598951"/>
</test>
<test id="s1-t2" name="Create a Booking at Restful Booker" line="43">
<kw name="Create Dictionary" owner="BuiltIn">
<msg time="2025-04-14T18:44:50.964552" level="INFO">${booking_dates} = {'checkin': '2024-01-01', 'checkout': '2024-04-11'}</msg>
<var>${booking_dates}</var>
<arg>checkin=2024-01-01</arg>
<arg>checkout=2024-04-11</arg>
<doc>Creates and returns a dictionary based on the given ``items``.</doc>
<status status="PASS" start="2025-04-14T18:44:50.964420" elapsed="0.000153"/>
</kw>
<kw name="Create Dictionary" owner="BuiltIn">
<msg time="2025-04-14T18:44:50.964859" level="INFO">${body} = {'firstname': 'Hannu', 'lastname': 'Kuoppanen', 'totalprice': '205', 'depositpaid': 'false', 'bookingdates': {'checkin': '2024-01-01', 'checkout': '2024-04-11'}}</msg>
<var>${body}</var>
<arg>firstname=Hannu</arg>
<arg>lastname=Kuoppanen</arg>
<arg>totalprice=205</arg>
<arg>depositpaid=false</arg>
<arg>bookingdates=${booking_dates}</arg>
<doc>Creates and returns a dictionary based on the given ``items``.</doc>
<status status="PASS" start="2025-04-14T18:44:50.964695" elapsed="0.000185"/>
</kw>
<kw name="POST" owner="RequestsLibrary">
<msg time="2025-04-14T18:44:51.487811" level="INFO">POST Request : url=https://restful-booker.herokuapp.com/booking 
 path_url=/booking 
 headers={'User-Agent': 'python-requests/2.32.3', 'Accept-Encoding': 'gzip, deflate', 'Accept': '*/*', 'Connection': 'keep-alive', 'Content-Length': '161', 'Content-Type': 'application/json'} 
 body=b'{"firstname": "Hannu", "lastname": "Kuoppanen", "totalprice": "205", "depositpaid": "false", "bookingdates": {"checkin": "2024-01-01", "checkout": "2024-04-11"}}' 
 </msg>
<msg time="2025-04-14T18:44:51.487883" level="INFO">POST Response : url=https://restful-booker.herokuapp.com/booking 
 status=200, reason=OK 
 headers={'Server': 'Cowboy', 'Report-To': '{"group":"heroku-nel","max_age":3600,"endpoints":[{"url":"https://nel.heroku.com/reports?ts=1744645502&amp;sid=c46efe9b-d3d2-4a0c-8c76-bfafa16c5add&amp;s=0OGCkKMCzf45bsQjBXLZLe2Sy3mMfLw%2BsFVUJC8GW4o%3D"}]}', 'Reporting-Endpoints': 'heroku-nel=https://nel.heroku.com/reports?ts=1744645502&amp;sid=c46efe9b-d3d2-4a0c-8c76-bfafa16c5add&amp;s=0OGCkKMCzf45bsQjBXLZLe2Sy3mMfLw%2BsFVUJC8GW4o%3D', 'Nel': '{"report_to":"heroku-nel","max_age":3600,"success_fraction":0.005,"failure_fraction":0.05,"response_headers":["Via"]}', 'Connection': 'keep-alive', 'X-Powered-By': 'Express', 'Content-Type': 'application/json; charset=utf-8', 'Content-Length': '173', 'Etag': 'W/"ad-5TeMSr9bau7aMlpKx8LF2XmNK7E"', 'Date': 'Mon, 14 Apr 2025 15:45:02 GMT', 'Via': '1.1 vegur'} 
 body={"bookingid":1802,"booking":{"firstname":"Hannu","lastname":"Kuoppanen","totalprice":205,"depositpaid":true,"bookingdates":{"checkin":"2024-01-01","checkout":"2024-04-11"}}} 
 </msg>
<msg time="2025-04-14T18:44:51.487976" level="INFO">${response} = &lt;Response [200]&gt;</msg>
<var>${response}</var>
<arg>url=https://restful-booker.herokuapp.com/booking</arg>
<arg>json=${body}</arg>
<doc>Sends a POST request.</doc>
<status status="PASS" start="2025-04-14T18:44:50.965016" elapsed="0.522982"/>
</kw>
<kw name="Set Variable" owner="BuiltIn">
<msg time="2025-04-14T18:44:51.488617" level="INFO">${id} = 1802</msg>
<var>${id}</var>
<arg>${response.json()}[bookingid]</arg>
<doc>Returns the given values which can then be assigned to a variables.</doc>
<status status="PASS" start="2025-04-14T18:44:51.488235" elapsed="0.000403"/>
</kw>
<kw name="Set Suite Variable" owner="BuiltIn">
<msg time="2025-04-14T18:44:51.488889" level="INFO">${id} = 1802</msg>
<arg>${id}</arg>
<doc>Makes a variable available everywhere within the scope of the current suite.</doc>
<status status="PASS" start="2025-04-14T18:44:51.488763" elapsed="0.000158"/>
</kw>
<kw name="GET" owner="RequestsLibrary">
<msg time="2025-04-14T18:44:52.010048" level="INFO">GET Request : url=https://restful-booker.herokuapp.com/booking/1802 
 path_url=/booking/1802 
 headers={'User-Agent': 'python-requests/2.32.3', 'Accept-Encoding': 'gzip, deflate', 'Accept': '*/*', 'Connection': 'keep-alive'} 
 body=None 
 </msg>
<msg time="2025-04-14T18:44:52.010122" level="INFO">GET Response : url=https://restful-booker.herokuapp.com/booking/1802 
 status=200, reason=OK 
 headers={'Server': 'Cowboy', 'Report-To': '{"group":"heroku-nel","max_age":3600,"endpoints":[{"url":"https://nel.heroku.com/reports?ts=1744645503&amp;sid=c46efe9b-d3d2-4a0c-8c76-bfafa16c5add&amp;s=z%2FzW1jgxCXalbgGrXTrtiUkK4x%2BrJOvFNhMKz5%2F0NuY%3D"}]}', 'Reporting-Endpoints': 'heroku-nel=https://nel.heroku.com/reports?ts=1744645503&amp;sid=c46efe9b-d3d2-4a0c-8c76-bfafa16c5add&amp;s=z%2FzW1jgxCXalbgGrXTrtiUkK4x%2BrJOvFNhMKz5%2F0NuY%3D', 'Nel': '{"report_to":"heroku-nel","max_age":3600,"success_fraction":0.005,"failure_fraction":0.05,"response_headers":["Via"]}', 'Connection': 'keep-alive', 'X-Powered-By': 'Express', 'Content-Type': 'application/json; charset=utf-8', 'Content-Length': '144', 'Etag': 'W/"90-Q+xICSouS7hUDTsGPlXkHSjTUR4"', 'Date': 'Mon, 14 Apr 2025 15:45:03 GMT', 'Via': '1.1 vegur'} 
 body={"firstname":"Hannu","lastname":"Kuoppanen","totalprice":205,"depositpaid":true,"bookingdates":{"checkin":"2024-01-01","checkout":"2024-04-11"}} 
 </msg>
<msg time="2025-04-14T18:44:52.010369" level="INFO">${response} = &lt;Response [200]&gt;</msg>
<var>${response}</var>
<arg>https://restful-booker.herokuapp.com/booking/${id}</arg>
<doc>Sends a GET request.</doc>
<status status="PASS" start="2025-04-14T18:44:51.489030" elapsed="0.521364"/>
</kw>
<kw name="Log" owner="BuiltIn">
<msg time="2025-04-14T18:44:52.010940" level="INFO">{'firstname': 'Hannu', 'lastname': 'Kuoppanen', 'totalprice': 205, 'depositpaid': True, 'bookingdates': {'checkin': '2024-01-01', 'checkout': '2024-04-11'}}</msg>
<arg>${response.json()}</arg>
<doc>Logs the given message with the given level.</doc>
<status status="PASS" start="2025-04-14T18:44:52.010589" elapsed="0.000387"/>
</kw>
<kw name="Should Be Equal" owner="BuiltIn">
<arg>${response.json()}[lastname]</arg>
<arg>Kuoppanen</arg>
<doc>Fails if the given objects are unequal.</doc>
<status status="PASS" start="2025-04-14T18:44:52.011091" elapsed="0.000328"/>
</kw>
<kw name="Should Be Equal" owner="BuiltIn">
<arg>${response.json()}[firstname]</arg>
<arg>Hannu</arg>
<doc>Fails if the given objects are unequal.</doc>
<status status="PASS" start="2025-04-14T18:44:52.011544" elapsed="0.000314"/>
</kw>
<kw name="Should Be Equal As Numbers" owner="BuiltIn">
<msg time="2025-04-14T18:44:52.012335" level="INFO">Argument types are:
&lt;class 'int'&gt;
&lt;class 'str'&gt;</msg>
<arg>${response.json()}[totalprice]</arg>
<arg>205</arg>
<doc>Fails if objects are unequal after converting them to real numbers.</doc>
<status status="PASS" start="2025-04-14T18:44:52.012043" elapsed="0.000340"/>
</kw>
<kw name="Dictionary Should Contain Value" owner="Collections">
<arg>${response.json()}</arg>
<arg>Kuoppanen</arg>
<doc>Fails if ``value`` is not found from ``dictionary``.</doc>
<status status="PASS" start="2025-04-14T18:44:52.012495" elapsed="0.000307"/>
</kw>
<doc>Luodaan uusi varaus palvelimelle.
Testi luo uuden varauksen palvelimelle ja tämän jälkeen testaa, että varaus löytyy
järjestelmästä.</doc>
<status status="PASS" start="2025-04-14T18:44:50.963999" elapsed="1.048925"/>
</test>
<test id="s1-t3" name="Delete Booking" line="66">
<kw name="Create Dictionary" owner="BuiltIn">
<msg time="2025-04-14T18:44:52.013597" level="INFO">${header} = {'Cookie': 'token=d511e2b62b1997d'}</msg>
<var>${header}</var>
<arg>Cookie=token\=${token}</arg>
<doc>Creates and returns a dictionary based on the given ``items``.</doc>
<status status="PASS" start="2025-04-14T18:44:52.013433" elapsed="0.000184"/>
</kw>
<kw name="DELETE" owner="RequestsLibrary">
<msg time="2025-04-14T18:44:52.543599" level="INFO">DELETE Request : url=https://restful-booker.herokuapp.com/booking/1802 
 path_url=/booking/1802 
 headers={'User-Agent': 'python-requests/2.32.3', 'Accept-Encoding': 'gzip, deflate', 'Accept': '*/*', 'Connection': 'keep-alive', 'Cookie': 'token=d511e2b62b1997d', 'Content-Length': '0'} 
 body=None 
 </msg>
<msg time="2025-04-14T18:44:52.543672" level="INFO">DELETE Response : url=https://restful-booker.herokuapp.com/booking/1802 
 status=201, reason=Created 
 headers={'Server': 'Cowboy', 'Report-To': '{"group":"heroku-nel","max_age":3600,"endpoints":[{"url":"https://nel.heroku.com/reports?ts=1744645503&amp;sid=c46efe9b-d3d2-4a0c-8c76-bfafa16c5add&amp;s=z%2FzW1jgxCXalbgGrXTrtiUkK4x%2BrJOvFNhMKz5%2F0NuY%3D"}]}', 'Reporting-Endpoints': 'heroku-nel=https://nel.heroku.com/reports?ts=1744645503&amp;sid=c46efe9b-d3d2-4a0c-8c76-bfafa16c5add&amp;s=z%2FzW1jgxCXalbgGrXTrtiUkK4x%2BrJOvFNhMKz5%2F0NuY%3D', 'Nel': '{"report_to":"heroku-nel","max_age":3600,"success_fraction":0.005,"failure_fraction":0.05,"response_headers":["Via"]}', 'Connection': 'keep-alive', 'X-Powered-By': 'Express', 'Content-Type': 'text/plain; charset=utf-8', 'Content-Length': '7', 'Etag': 'W/"7-rM9AyJuqT6iOan/xHh+AW+7K/T8"', 'Date': 'Mon, 14 Apr 2025 15:45:03 GMT', 'Via': '1.1 vegur'} 
 body=Created 
 </msg>
<msg time="2025-04-14T18:44:52.543764" level="INFO">${response} = &lt;Response [201]&gt;</msg>
<var>${response}</var>
<arg>url=https://restful-booker.herokuapp.com/booking/${id}</arg>
<arg>headers=${header}</arg>
<doc>Sends a DELETE request.</doc>
<status status="PASS" start="2025-04-14T18:44:52.013727" elapsed="0.530058"/>
</kw>
<kw name="Status Should Be" owner="RequestsLibrary">
<arg>201</arg>
<arg>${response}</arg>
<doc>Fails if response status code is different than the expected.</doc>
<status status="PASS" start="2025-04-14T18:44:52.543992" elapsed="0.000193"/>
</kw>
<doc>Poista varaus palvelimelta.</doc>
<status status="PASS" start="2025-04-14T18:44:52.013189" elapsed="0.531118"/>
</test>
<status status="PASS" start="2025-04-14T18:42:46.447027" elapsed="126.097692"/>
</suite>
<statistics>
<total>
<stat pass="3" fail="0" skip="0">All Tests</stat>
</total>
<tag>
</tag>
<suite>
<stat name="Requests Demo3" id="s1" pass="3" fail="0" skip="0">Requests Demo3</stat>
</suite>
</statistics>
<errors>
</errors>
</robot>
