<?xml version="1.0" encoding="UTF-8"?>
<robot generator="Robot 7.2.2 (Python 3.13.1 on win32)" generated="2025-04-14T19:01:51.280203" rpa="false" schemaversion="5">
<suite id="s1" name="Browser Demo" source="C:\Users\motha\yksil-projekti\tests\tests.tehtävä6\browser_demo.robot">
<test id="s1-t1" name="Test Web Form" line="10">
<kw name="New Browser" owner="Browser">
<msg time="2025-04-14T19:01:52.138296" level="INFO">{"browser": "chromium", "headless": false, "chromiumSandbox": false, "devtools": false, "handleSIGHUP": true, "handleSIGINT": true, "handleSIGTERM": true, "slowMo": 0.0, "timeout": 30000.0, "tracesDir": "C:\\Users\\motha\\yksil-projekti\\tests\\tests.teht\u00e4v\u00e46\\..\\outputs\\browser\\traces\\temp\\842fcead-736d-4626-a504-95507992577e"}</msg>
<msg time="2025-04-14T19:01:52.156997" level="INFO">Starting Browser process C:\Users\motha\AppData\Roaming\Python\Python313\site-packages\Browser\wrapper\index.js using port 52718</msg>
<msg time="2025-04-14T19:01:52.157133" level="INFO">Node startup parameters: ['node', 'C:\\Users\\motha\\AppData\\Roaming\\Python\\Python313\\site-packages\\Browser\\wrapper\\index.js', '52718']</msg>
<msg time="2025-04-14T19:01:53.383355" level="INFO">Successfully created browser with options: {"browser":"chromium","headless":false,"chromiumSandbox":false,"devtools":false,"handleSIGHUP":true,"handleSIGINT":true,"handleSIGTERM":true,"slowMo":0,"timeout":30000,"tracesDir":"C:\\Users\\motha\\yksil-projekti\\tests\\tests.tehtävä6\\..\\outputs\\browser\\traces\\temp\\842fcead-736d-4626-a504-95507992577e"}</msg>
<arg>chromium</arg>
<arg>headless=No</arg>
<tag>BrowserControl</tag>
<tag>Setter</tag>
<doc>Create a new playwright Browser with specified options.</doc>
<status status="PASS" start="2025-04-14T19:01:52.137561" elapsed="1.246093"/>
</kw>
<kw name="New Page" owner="Browser">
<msg time="2025-04-14T19:01:53.732471" level="INFO">Successfully initialized new page object and opened url: http://127.0.0.1:5500/frontend/index.html</msg>
<msg time="2025-04-14T19:01:53.732571" level="INFO">No context was open. New context was automatically opened when this page is created.</msg>
<arg>http://127.0.0.1:5500/frontend/index.html</arg>
<tag>BrowserControl</tag>
<tag>Setter</tag>
<doc>Open a new Page.</doc>
<status status="PASS" start="2025-04-14T19:01:53.390787" elapsed="0.341932"/>
</kw>
<kw name="Get Title" owner="Browser">
<msg time="2025-04-14T19:01:53.739908" level="INFO">Title: 'Diary App'</msg>
<arg>==</arg>
<arg>Diary App</arg>
<tag>Assertion</tag>
<tag>Getter</tag>
<tag>PageContent</tag>
<doc>Returns the title of the current page.</doc>
<status status="PASS" start="2025-04-14T19:01:53.732984" elapsed="0.007045"/>
</kw>
<kw name="Type Text" owner="Browser">
<msg time="2025-04-14T19:01:53.740839" level="INFO">Types the text '***' in the given field.</msg>
<arg>[id="username"]</arg>
<arg>${Username}</arg>
<arg>delay=0.1 s</arg>
<tag>PageContent</tag>
<tag>Setter</tag>
<doc>Types the given ``txt`` into the text field found by ``selector``.</doc>
<status status="PASS" start="2025-04-14T19:01:53.740272" elapsed="1.020189"/>
</kw>
<kw name="Type Secret" owner="Browser">
<arg>[id="password"]</arg>
<arg>$Password</arg>
<arg>delay=0.1 s</arg>
<tag>PageContent</tag>
<tag>Setter</tag>
<doc>Types the given secret from ``variable_name`` into the text field
found by ``selector``.</doc>
<status status="PASS" start="2025-04-14T19:01:54.760739" elapsed="1.333520"/>
</kw>
<kw name="Click" owner="Browser">
<msg time="2025-04-14T19:01:56.095032" level="INFO">Clicks the element 'xpath=//button[text()='Log In']'.</msg>
<arg>xpath=//button[text()='Log In']</arg>
<tag>PageContent</tag>
<tag>Setter</tag>
<doc>Simulates mouse click on the element found by ``selector``.</doc>
<status status="PASS" start="2025-04-14T19:01:56.094575" elapsed="0.025328"/>
</kw>
<kw name="Sleep" owner="BuiltIn">
<msg time="2025-04-14T19:01:58.120802" level="INFO">Slept 2 seconds.</msg>
<arg>2s</arg>
<doc>Pauses the test executed for the given time.</doc>
<status status="PASS" start="2025-04-14T19:01:56.120294" elapsed="2.000676"/>
</kw>
<msg time="2025-04-14T19:01:58.124497" level="INFO">Set timeout to: 10000</msg>
<status status="PASS" start="2025-04-14T19:01:52.135212" elapsed="5.986075"/>
</test>
<status status="PASS" start="2025-04-14T19:01:51.281349" elapsed="6.843750"/>
</suite>
<statistics>
<total>
<stat pass="1" fail="0" skip="0">All Tests</stat>
</total>
<tag>
</tag>
<suite>
<stat name="Browser Demo" id="s1" pass="1" fail="0" skip="0">Browser Demo</stat>
</suite>
</statistics>
<errors>
</errors>
</robot>
