<?xml version="1.0" encoding="UTF-8"?>
<robot generator="Robot 7.2.2 (Python 3.13.1 on win32)" generated="2025-03-24T20:59:51.441926" rpa="false" schemaversion="5">
<suite id="s1" name="Browser Demo" source="C:\Users\motha\yksil-projekti\tests\browser_demo.robot">
<test id="s1-t1" name="Test Web Form" line="6">
<kw name="New Browser" owner="Browser">
<msg time="2025-03-24T20:59:51.707842" level="INFO">{"browser": "chromium", "headless": false, "chromiumSandbox": false, "devtools": false, "handleSIGHUP": true, "handleSIGINT": true, "handleSIGTERM": true, "slowMo": 0.0, "timeout": 30000.0, "tracesDir": "C:\\Users\\motha\\yksil-projekti\\browser\\traces\\temp\\46cc2288-5558-4843-8cf0-a6e3693f6b10"}</msg>
<msg time="2025-03-24T20:59:51.730901" level="INFO">Starting Browser process C:\Users\motha\AppData\Roaming\Python\Python313\site-packages\Browser\wrapper\index.js using port 64620</msg>
<msg time="2025-03-24T20:59:51.731033" level="INFO">Node startup parameters: ['node', 'C:\\Users\\motha\\AppData\\Roaming\\Python\\Python313\\site-packages\\Browser\\wrapper\\index.js', '64620']</msg>
<msg time="2025-03-24T20:59:53.066065" level="INFO">Successfully created browser with options: {"browser":"chromium","headless":false,"chromiumSandbox":false,"devtools":false,"handleSIGHUP":true,"handleSIGINT":true,"handleSIGTERM":true,"slowMo":0,"timeout":30000,"tracesDir":"C:\\Users\\motha\\yksil-projekti\\browser\\traces\\temp\\46cc2288-5558-4843-8cf0-a6e3693f6b10"}</msg>
<arg>chromium</arg>
<arg>headless=No</arg>
<tag>BrowserControl</tag>
<tag>Setter</tag>
<doc>Create a new playwright Browser with specified options.</doc>
<status status="PASS" start="2025-03-24T20:59:51.707041" elapsed="1.359330"/>
</kw>
<kw name="New Page" owner="Browser">
<msg time="2025-03-24T20:59:53.428072" level="INFO">Successfully initialized new page object and opened url: http://127.0.0.1:5500/frontend/index.html</msg>
<msg time="2025-03-24T20:59:53.428156" level="INFO">No context was open. New context was automatically opened when this page is created.</msg>
<arg>http://127.0.0.1:5500/frontend/index.html</arg>
<tag>BrowserControl</tag>
<tag>Setter</tag>
<doc>Open a new Page.</doc>
<status status="PASS" start="2025-03-24T20:59:53.068484" elapsed="0.359827"/>
</kw>
<kw name="Get Title" owner="Browser">
<msg time="2025-03-24T20:59:53.437464" level="INFO">Title: 'Diary App'</msg>
<arg>==</arg>
<arg>Diary App</arg>
<tag>Assertion</tag>
<tag>Getter</tag>
<tag>PageContent</tag>
<doc>Returns the title of the current page.</doc>
<status status="PASS" start="2025-03-24T20:59:53.428743" elapsed="0.008827"/>
</kw>
<kw name="Type Text" owner="Browser">
<msg time="2025-03-24T20:59:53.438362" level="INFO">Types the text 'mothaops1' in the given field.</msg>
<arg>[id="username"]</arg>
<arg>${Username}</arg>
<arg>delay=0.1 s</arg>
<tag>PageContent</tag>
<tag>Setter</tag>
<doc>Types the given ``txt`` into the text field found by ``selector``.</doc>
<status status="PASS" start="2025-03-24T20:59:53.437810" elapsed="1.004060"/>
</kw>
<kw name="Type Secret" owner="Browser">
<arg>[id="password"]</arg>
<arg>$Password</arg>
<arg>delay=0.1 s</arg>
<tag>PageContent</tag>
<tag>Setter</tag>
<doc>Types the given secret from ``variable_name`` into the text field
found by ``selector``.</doc>
<status status="PASS" start="2025-03-24T20:59:54.442132" elapsed="1.306047"/>
</kw>
<kw name="Click" owner="Browser">
<msg time="2025-03-24T20:59:55.748985" level="INFO">Clicks the element 'xpath=//button[text()='Log In']'.</msg>
<arg>xpath=//button[text()='Log In']</arg>
<tag>PageContent</tag>
<tag>Setter</tag>
<doc>Simulates mouse click on the element found by ``selector``.</doc>
<status status="PASS" start="2025-03-24T20:59:55.748521" elapsed="0.019474"/>
</kw>
<kw name="Sleep" owner="BuiltIn">
<msg time="2025-03-24T20:59:57.768979" level="INFO">Slept 2 seconds.</msg>
<arg>2s</arg>
<doc>Pauses the test executed for the given time.</doc>
<status status="PASS" start="2025-03-24T20:59:55.768322" elapsed="2.000760"/>
</kw>
<kw name="Type Text" owner="Browser">
<msg time="2025-03-24T20:59:57.769827" level="INFO">Types the text '03242025' in the given field.</msg>
<arg>id=new-entry-date</arg>
<arg>03242025</arg>
<arg>delay=0.5 s</arg>
<tag>PageContent</tag>
<tag>Setter</tag>
<doc>Types the given ``txt`` into the text field found by ``selector``.</doc>
<status status="PASS" start="2025-03-24T20:59:57.769313" elapsed="4.085566"/>
</kw>
<kw name="Select Options By" owner="Browser">
<msg time="2025-03-24T21:00:01.855653" level="INFO">Selects the option(s) happy, delay=0.5 s by attribute SelectAttribute.value from element [id="new-entry-mood"].</msg>
<arg>[id="new-entry-mood"]</arg>
<arg>value</arg>
<arg>happy</arg>
<arg>delay=0.5 s</arg>
<tag>PageContent</tag>
<tag>Setter</tag>
<doc>Selects options from select element found by ``selector``.</doc>
<status status="PASS" start="2025-03-24T21:00:01.855162" elapsed="0.021307"/>
</kw>
<kw name="Type Text" owner="Browser">
<msg time="2025-03-24T21:00:01.877357" level="INFO">Types the text '53' in the given field.</msg>
<arg>id=new-entry-weight</arg>
<arg>53</arg>
<arg>delay=0.5 s</arg>
<tag>PageContent</tag>
<tag>Setter</tag>
<doc>Types the given ``txt`` into the text field found by ``selector``.</doc>
<status status="PASS" start="2025-03-24T21:00:01.876784" elapsed="1.031466"/>
</kw>
<kw name="Type Text" owner="Browser">
<msg time="2025-03-24T21:00:02.909055" level="INFO">Types the text '8' in the given field.</msg>
<arg>id=new-entry-sleep-hours</arg>
<arg>8</arg>
<arg>delay=0.5 s</arg>
<tag>PageContent</tag>
<tag>Setter</tag>
<doc>Types the given ``txt`` into the text field found by ``selector``.</doc>
<status status="PASS" start="2025-03-24T21:00:02.908539" elapsed="0.512488"/>
</kw>
<kw name="Type Text" owner="Browser">
<msg time="2025-03-24T21:00:03.421914" level="INFO">Types the text 'moikka' in the given field.</msg>
<arg>id=new-entry-notes</arg>
<arg>moikka</arg>
<arg>delay=0.5 s</arg>
<tag>PageContent</tag>
<tag>Setter</tag>
<doc>Types the given ``txt`` into the text field found by ``selector``.</doc>
<status status="PASS" start="2025-03-24T21:00:03.421363" elapsed="3.070809"/>
</kw>
<kw name="Click" owner="Browser">
<msg time="2025-03-24T21:00:06.492901" level="INFO">Clicks the element 'xpath=//button[text()='Add Entry']'.</msg>
<arg>xpath=//button[text()='Add Entry']</arg>
<tag>PageContent</tag>
<tag>Setter</tag>
<doc>Simulates mouse click on the element found by ``selector``.</doc>
<status status="PASS" start="2025-03-24T21:00:06.492441" elapsed="0.016663"/>
</kw>
<kw name="Sleep" owner="BuiltIn">
<msg time="2025-03-24T21:00:11.510337" level="INFO">Slept 5 seconds.</msg>
<arg>5s</arg>
<doc>Pauses the test executed for the given time.</doc>
<status status="PASS" start="2025-03-24T21:00:06.509416" elapsed="5.001028"/>
</kw>
<msg time="2025-03-24T21:00:11.513077" level="INFO">Set timeout to: 10000</msg>
<status status="PASS" start="2025-03-24T20:59:51.705941" elapsed="19.804810"/>
</test>
<status status="PASS" start="2025-03-24T20:59:51.443240" elapsed="20.070431"/>
</suite>
<statistics>
<total>
<stat pass="1" fail="0" skip="0">All Tests</stat>
</total>
<tag>
</tag>
<suite>
<stat name="Browser Demo" id="s1" pass="1" fail="0" skip="0">Browser Demo</stat>
</suite>
</statistics>
<errors>
</errors>
</robot>
